Starting main display
Deleting any remaining graphical resources
All graphical resources already unloaded
Width 1920 Height 1080
Loaded surface program

Loaded surface program 


Start loop
 Have 0,0 against 0
 Have 0,0 against 1
 Have 0,0 against 2
 Have 0,0 against 3
 Have 0,0 against 4
 Have 0,0 against 5
 Have 0,0 against 6
 Have 0,0 against 7
 Have 0,0 against 8
 Have 0,0 against 9
 Have 0,0 against 10
 Have 0,0 against 11
 Have 0,0 against 12
 Have 0,0 against 13
 Have 0,0 against 14
 Have 0,0 against 15
 Have 0,0 against 16
 Have 0,0 against 17
 Have 0,0 against 18
 Have 0,0 against 19
 Have 0,0 against 20
 Have 0,0 against 21
 Have 0,0 against 22
 Have 0,0 against 23
 Have 0,0 against 24
 Have 0,0 against 25
 Non intersecting Vertex -6.12 3.28972 On object 0,0
 Have 0,1 against 0
 Have 0,1 against 1
 Have 0,1 against 2
 Have 0,1 against 3
 Have 0,1 against 4
 Have 0,1 against 5
 Have 0,1 against 6
 Have 0,1 against 7
 Have 0,1 against 8
 Have 0,1 against 9
 Have 0,1 against 10
 Have 0,1 against 11
 Have 0,1 against 12
 Have 0,1 against 13
 Have 0,1 against 14
 Have 0,1 against 15
 Have 0,1 against 16
 Have 0,1 against 17
 Have 0,1 against 18
 Have 0,1 against 19
 Have 0,1 against 20
 Have 0,1 against 21
 Have 0,1 against 22
 Have 0,1 against 23
 Have 0,1 against 24
 Have 0,1 against 25
 Non intersecting Vertex -8 3.5859 On object 0,1
 Have 0,2 against 0
 Have 0,2 against 1
 Have 0,2 against 2
 Have 0,2 against 3
 Have 0,2 against 4
 Have 0,2 against 5
 Have 0,2 against 6
 Have 0,2 against 7
 Have 0,2 against 8
 Have 0,2 against 9
 Have 0,2 against 10
 Have 0,2 against 11
 Have 0,2 against 12
 Have 0,2 against 13
 Have 0,2 against 14
 Have 0,2 against 15
 Have 0,2 against 16
 Have 0,2 against 17
 Have 0,2 against 18
 Have 0,2 against 19
 Have 0,2 against 20
 Have 0,2 against 21
 Have 0,2 against 22
 Have 0,2 against 23
 Have 0,2 against 24
 Have 0,2 against 25
 Non intersecting Vertex -8.1 4.45328 On object 0,2
 Have 1,0 against 0
 Have 1,0 against 1
 CUT
 Have 1,1 against 0
 Have 1,1 against 1
 Have 1,1 against 2
 Have 1,1 against 3
 Have 1,1 against 4
 Have 1,1 against 5
 Have 1,1 against 6
 Have 1,1 against 7
 Have 1,1 against 8
 Have 1,1 against 9
 Have 1,1 against 10
 Have 1,1 against 11
 Have 1,1 against 12
 Have 1,1 against 13
 Have 1,1 against 14
 Have 1,1 against 15
 Have 1,1 against 16
 Have 1,1 against 17
 Have 1,1 against 18
 Have 1,1 against 19
 Have 1,1 against 20
 Have 1,1 against 21
 Have 1,1 against 22
 Have 1,1 against 23
 Have 1,1 against 24
 Have 1,1 against 25
 Non intersecting Vertex -10.88 -1.44917 On object 1,1
 Have 1,2 against 0
 Have 1,2 against 1
 CUT
 Have 1,3 against 0
 Have 1,3 against 1
 Have 1,3 against 2
 Have 1,3 against 3
 Have 1,3 against 4
 Have 1,3 against 5
 Have 1,3 against 6
 Have 1,3 against 7
 Have 1,3 against 8
 Have 1,3 against 9
 Have 1,3 against 10
 Have 1,3 against 11
 Have 1,3 against 12
 Have 1,3 against 13
 Have 1,3 against 14
 Have 1,3 against 15
 Have 1,3 against 16
 Have 1,3 against 17
 Have 1,3 against 18
 Have 1,3 against 19
 Have 1,3 against 20
 Have 1,3 against 21
 Have 1,3 against 22
 Have 1,3 against 23
 Have 1,3 against 24
 Have 1,3 against 25
 Non intersecting Vertex -8.84 -1.66072 On object 1,3
 Have 1,4 against 0
 Have 1,4 against 1
 CUT
 Have 1,5 against 0
 Have 1,5 against 1
 Have 1,5 against 2
 Have 1,5 against 3
 Have 1,5 against 4
 Have 1,5 against 5
 Have 1,5 against 6
 Have 1,5 against 7
 Have 1,5 against 8
 Have 1,5 against 9
 Have 1,5 against 10
 Have 1,5 against 11
 Have 1,5 against 12
 Have 1,5 against 13
 Have 1,5 against 14
 Have 1,5 against 15
 Have 1,5 against 16
 Have 1,5 against 17
 Have 1,5 against 18
 Have 1,5 against 19
 Have 1,5 against 20
 Have 1,5 against 21
 Have 1,5 against 22
 Have 1,5 against 23
 Have 1,5 against 24
 Have 1,5 against 25
 Non intersecting Vertex -6.46 -2.44349 On object 1,5
 Have 1,6 against 0
 Have 1,6 against 1
 Have 1,6 against 2
 Have 1,6 against 3
 Have 1,6 against 4
 Have 1,6 against 5
 Have 1,6 against 6
 Have 1,6 against 7
 Have 1,6 against 8
 Have 1,6 against 9
 Have 1,6 against 10
 Have 1,6 against 11
 Have 1,6 against 12
 Have 1,6 against 13
 Have 1,6 against 14
 Have 1,6 against 15
 Have 1,6 against 16
 Have 1,6 against 17
 Have 1,6 against 18
 Have 1,6 against 19
 Have 1,6 against 20
 Have 1,6 against 21
 Have 1,6 against 22
 Have 1,6 against 23
 Have 1,6 against 24
 Have 1,6 against 25
 Non intersecting Vertex -4.72 -4.74946 On object 1,6
 Have 1,7 against 0
 Have 1,7 against 1
 CUT
 Have 1,8 against 0
 Have 1,8 against 1
 Have 1,8 against 2
 Have 1,8 against 3
 Have 1,8 against 4
 Have 1,8 against 5
 Have 1,8 against 6
 Have 1,8 against 7
 Have 1,8 against 8
 Have 1,8 against 9
 Have 1,8 against 10
 Have 1,8 against 11
 Have 1,8 against 12
 Have 1,8 against 13
 Have 1,8 against 14
 Have 1,8 against 15
 Have 1,8 against 16
 Have 1,8 against 17
 Have 1,8 against 18
 Have 1,8 against 19
 Have 1,8 against 20
 Have 1,8 against 21
 Have 1,8 against 22
 Have 1,8 against 23
 Have 1,8 against 24
 Have 1,8 against 25
 Non intersecting Vertex -4.24 -7.01312 On object 1,8
 Have 2,0 against 0
 Have 2,0 against 1
 Have 2,0 against 2
 Have 2,0 against 3
 Have 2,0 against 4
 Have 2,0 against 5
 Have 2,0 against 6
 Have 2,0 against 7
 Have 2,0 against 8
 Have 2,0 against 9
 Have 2,0 against 10
 Have 2,0 against 11
 Have 2,0 against 12
 Have 2,0 against 13
 Have 2,0 against 14
 Have 2,0 against 15
 Have 2,0 against 16
 Have 2,0 against 17
 Have 2,0 against 18
 Have 2,0 against 19
 Have 2,0 against 20
 Have 2,0 against 21
 Have 2,0 against 22
 Have 2,0 against 23
 Have 2,0 against 24
 Have 2,0 against 25
 Non intersecting Vertex 2.7 -6.50539 On object 2,0
 Have 2,1 against 0
 Have 2,1 against 1
 Have 2,1 against 2
 Have 2,1 against 3
 Have 2,1 against 4
 Have 2,1 against 5
 Have 2,1 against 6
 Have 2,1 against 7
 Have 2,1 against 8
 Have 2,1 against 9
 Have 2,1 against 10
 Have 2,1 against 11
 Have 2,1 against 12
 Have 2,1 against 13
 Have 2,1 against 14
 Have 2,1 against 15
 Have 2,1 against 16
 Have 2,1 against 17
 Have 2,1 against 18
 Have 2,1 against 19
 Have 2,1 against 20
 Have 2,1 against 21
 Have 2,1 against 22
 Have 2,1 against 23
 Have 2,1 against 24
 Have 2,1 against 25
 Non intersecting Vertex 2.78 -4.62253 On object 2,1
 Have 2,2 against 0
 Have 2,2 against 1
 Have 2,2 against 2
 Have 2,2 against 3
 Have 2,2 against 4
 Have 2,2 against 5
 Have 2,2 against 6
 Have 2,2 against 7
 Have 2,2 against 8
 Have 2,2 against 9
 Have 2,2 against 10
 Have 2,2 against 11
 Have 2,2 against 12
 Have 2,2 against 13
 Have 2,2 against 14
 Have 2,2 against 15
 Have 2,2 against 16
 Have 2,2 against 17
 Have 2,2 against 18
 Have 2,2 against 19
 Have 2,2 against 20
 Have 2,2 against 21
 Have 2,2 against 22
 Have 2,2 against 23
 Have 2,2 against 24
 Have 2,2 against 25
 Non intersecting Vertex 4.7 -5.80725 On object 2,2
 Have 3,0 against 0
 Have 3,0 against 1
 Have 3,0 against 2
 Have 3,0 against 3
 Have 3,0 against 4
 Have 3,0 against 5
 Have 3,0 against 6
 Have 3,0 against 7
 Have 3,0 against 8
 Have 3,0 against 9
 Have 3,0 against 10
 Have 3,0 against 11
 Have 3,0 against 12
 Have 3,0 against 13
 Have 3,0 against 14
 Have 3,0 against 15
 Have 3,0 against 16
 Have 3,0 against 17
 Have 3,0 against 18
 Have 3,0 against 19
 Have 3,0 against 20
 Have 3,0 against 21
 Have 3,0 against 22
 Have 3,0 against 23
 Have 3,0 against 24
 Have 3,0 against 25
 Non intersecting Vertex 8.62 -2.57042 On object 3,0
 Have 3,1 against 0
 Have 3,1 against 1
 Have 3,1 against 2
 Have 3,1 against 3
 Have 3,1 against 4
 Have 3,1 against 5
 Have 3,1 against 6
 Have 3,1 against 7
 Have 3,1 against 8
 Have 3,1 against 9
 Have 3,1 against 10
 Have 3,1 against 11
 Have 3,1 against 12
 Have 3,1 against 13
 Have 3,1 against 14
 Have 3,1 against 15
 Have 3,1 against 16
 Have 3,1 against 17
 Have 3,1 against 18
 Have 3,1 against 19
 Have 3,1 against 20
 Have 3,1 against 21
 Have 3,1 against 22
 Have 3,1 against 23
 Have 3,1 against 24
 Have 3,1 against 25
 Non intersecting Vertex 5.42 -0.264447 On object 3,1
 Have 3,2 against 0
 Have 3,2 against 1
 Have 3,2 against 2
 Have 3,2 against 3
 Have 3,2 against 4
 Have 3,2 against 5
 Have 3,2 against 6
 Have 3,2 against 7
 Have 3,2 against 8
 Have 3,2 against 9
 Have 3,2 against 10
 Have 3,2 against 11
 Have 3,2 against 12
 Have 3,2 against 13
 Have 3,2 against 14
 Have 3,2 against 15
 Have 3,2 against 16
 Have 3,2 against 17
 Have 3,2 against 18
 Have 3,2 against 19
 Have 3,2 against 20
 Have 3,2 against 21
 Have 3,2 against 22
 Have 3,2 against 23
 Have 3,2 against 24
 Have 3,2 against 25
 Non intersecting Vertex 8.72 0.751028 On object 3,2
 Have 4,0 against 0
 Have 4,0 against 1
 Have 4,0 against 2
 Have 4,0 against 3
 Have 4,0 against 4
 Have 4,0 against 5
 Have 4,0 against 6
 Have 4,0 against 7
 Have 4,0 against 8
 Have 4,0 against 9
 CUT
 Have 4,1 against 0
 Have 4,1 against 1
 Have 4,1 against 2
 Have 4,1 against 3
 Have 4,1 against 4
 Have 4,1 against 5
 Have 4,1 against 6
 Have 4,1 against 7
 Have 4,1 against 8
 Have 4,1 against 9
 CUT
 Have 4,2 against 0
 Have 4,2 against 1
 Have 4,2 against 2
 Have 4,2 against 3
 Have 4,2 against 4
 Have 4,2 against 5
 Have 4,2 against 6
 Have 4,2 against 7
 Have 4,2 against 8
 Have 4,2 against 9
 Have 4,2 against 10
 Have 4,2 against 11
 Have 4,2 against 12
 Have 4,2 against 13
 Have 4,2 against 14
 Have 4,2 against 15
 Have 4,2 against 16
 Have 4,2 against 17
 CUT
 Have 5,0 against 0
 Have 5,0 against 1
 Have 5,0 against 2
 Have 5,0 against 3
 Have 5,0 against 4
 Have 5,0 against 5
 Have 5,0 against 6
 Have 5,0 against 7
 Have 5,0 against 8
 Have 5,0 against 9
 Have 5,0 against 10
 Have 5,0 against 11
 Have 5,0 against 12
 Have 5,0 against 13
 Have 5,0 against 14
 Have 5,0 against 15
 Have 5,0 against 16
 Have 5,0 against 17
 Have 5,0 against 18
 Have 5,0 against 19
 Have 5,0 against 20
 Have 5,0 against 21
 Have 5,0 against 22
 Have 5,0 against 23
 Have 5,0 against 24
 Have 5,0 against 25
 Non intersecting Vertex 9.88 6.03996 On object 5,0
 Have 5,1 against 0
 Have 5,1 against 1
 Have 5,1 against 2
 Have 5,1 against 3
 Have 5,1 against 4
 Have 5,1 against 5
 Have 5,1 against 6
 Have 5,1 against 7
 Have 5,1 against 8
 Have 5,1 against 9
 Have 5,1 against 10
 Have 5,1 against 11
 CUT
 Have 5,2 against 0
 Have 5,2 against 1
 Have 5,2 against 2
 Have 5,2 against 3
 Have 5,2 against 4
 Have 5,2 against 5
 Have 5,2 against 6
 Have 5,2 against 7
 Have 5,2 against 8
 Have 5,2 against 9
 Have 5,2 against 10
 Have 5,2 against 11
 CUT
 Have 6,0 against 0
 Have 6,0 against 1
 Have 6,0 against 2
 Have 6,0 against 3
 Have 6,0 against 4
 Have 6,0 against 5
 Have 6,0 against 6
 Have 6,0 against 7
 Have 6,0 against 8
 Have 6,0 against 9
 Have 6,0 against 10
 Have 6,0 against 11
 Have 6,0 against 12
 Have 6,0 against 13
 Have 6,0 against 14
 Have 6,0 against 15
 Have 6,0 against 16
 Have 6,0 against 17
 Have 6,0 against 18
 Have 6,0 against 19
 Have 6,0 against 20
 Have 6,0 against 21
 Have 6,0 against 22
 Have 6,0 against 23
 Have 6,0 against 24
 Have 6,0 against 25
 Non intersecting Vertex 9.48 2.90891 On object 6,0
 Have 6,1 against 0
 Have 6,1 against 1
 Have 6,1 against 2
 Have 6,1 against 3
 Have 6,1 against 4
 Have 6,1 against 5
 Have 6,1 against 6
 Have 6,1 against 7
 Have 6,1 against 8
 Have 6,1 against 9
 Have 6,1 against 10
 CUT
 Have 6,2 against 0
 Have 6,2 against 1
 Have 6,2 against 2
 Have 6,2 against 3
 Have 6,2 against 4
 Have 6,2 against 5
 Have 6,2 against 6
 CUT
 Have 7,0 against 0
 Have 7,0 against 1
 Have 7,0 against 2
 Have 7,0 against 3
 Have 7,0 against 4
 Have 7,0 against 5
 Have 7,0 against 6
 Have 7,0 against 7
 Have 7,0 against 8
 Have 7,0 against 9
 Have 7,0 against 10
 Have 7,0 against 11
 Have 7,0 against 12
 Have 7,0 against 13
 Have 7,0 against 14
 Have 7,0 against 15
 Have 7,0 against 16
 Have 7,0 against 17
 Have 7,0 against 18
 Have 7,0 against 19
 Have 7,0 against 20
 Have 7,0 against 21
 Have 7,0 against 22
 Have 7,0 against 23
 Have 7,0 against 24
 Have 7,0 against 25
 Non intersecting Vertex 7.96 1.11068 On object 7,0
 Have 7,1 against 0
 Have 7,1 against 1
 Have 7,1 against 2
 Have 7,1 against 3
 Have 7,1 against 4
 Have 7,1 against 5
 Have 7,1 against 6
 Have 7,1 against 7
 Have 7,1 against 8
 Have 7,1 against 9
 Have 7,1 against 10
 Have 7,1 against 11
 Have 7,1 against 12
 Have 7,1 against 13
 Have 7,1 against 14
 Have 7,1 against 15
 Have 7,1 against 16
 Have 7,1 against 17
 Have 7,1 against 18
 Have 7,1 against 19
 Have 7,1 against 20
 Have 7,1 against 21
 Have 7,1 against 22
 Have 7,1 against 23
 Have 7,1 against 24
 Have 7,1 against 25
 Non intersecting Vertex 6.84 1.23761 On object 7,1
 Have 7,2 against 0
 Have 7,2 against 1
 Have 7,2 against 2
 Have 7,2 against 3
 Have 7,2 against 4
 Have 7,2 against 5
 Have 7,2 against 6
 Have 7,2 against 7
 Have 7,2 against 8
 Have 7,2 against 9
 Have 7,2 against 10
 Have 7,2 against 11
 Have 7,2 against 12
 Have 7,2 against 13
 Have 7,2 against 14
 Have 7,2 against 15
 Have 7,2 against 16
 Have 7,2 against 17
 Have 7,2 against 18
 Have 7,2 against 19
 Have 7,2 against 20
 Have 7,2 against 21
 Have 7,2 against 22
 Have 7,2 against 23
 Have 7,2 against 24
 Have 7,2 against 25
 Non intersecting Vertex 7.88 1.51263 On object 7,2
 Have 8,0 against 0
 Have 8,0 against 1
 Have 8,0 against 2
 Have 8,0 against 3
 Have 8,0 against 4
 Have 8,0 against 5
 Have 8,0 against 6
 Have 8,0 against 7
 Have 8,0 against 8
 Have 8,0 against 9
 CUT
 Have 8,1 against 0
 Have 8,1 against 1
 Have 8,1 against 2
 Have 8,1 against 3
 Have 8,1 against 4
 Have 8,1 against 5
 Have 8,1 against 6
 Have 8,1 against 7
 Have 8,1 against 8
 Have 8,1 against 9
 Have 8,1 against 10
 Have 8,1 against 11
 Have 8,1 against 12
 Have 8,1 against 13
 Have 8,1 against 14
 Have 8,1 against 15
 Have 8,1 against 16
 Have 8,1 against 17
 Have 8,1 against 18
 Have 8,1 against 19
 Have 8,1 against 20
 Have 8,1 against 21
 Have 8,1 against 22
 Have 8,1 against 23
 Have 8,1 against 24
 Have 8,1 against 25
 Non intersecting Vertex 4.86 -2.97238 On object 8,1
 Have 8,2 against 0
 Have 8,2 against 1
 Have 8,2 against 2
 Have 8,2 against 3
 Have 8,2 against 4
 Have 8,2 against 5
 Have 8,2 against 6
 Have 8,2 against 7
 Have 8,2 against 8
 Have 8,2 against 9
 Have 8,2 against 10
 Have 8,2 against 11
 Have 8,2 against 12
 Have 8,2 against 13
 Have 8,2 against 14
 Have 8,2 against 15
 Have 8,2 against 16
 Have 8,2 against 17
 Have 8,2 against 18
 Have 8,2 against 19
 Have 8,2 against 20
 Have 8,2 against 21
 Have 8,2 against 22
 Have 8,2 against 23
 Have 8,2 against 24
 Have 8,2 against 25
 Non intersecting Vertex 5.92 -2.99354 On object 8,2
 Have 9,0 against 0
 Have 9,0 against 1
 Have 9,0 against 2
 Have 9,0 against 3
 Have 9,0 against 4
 Have 9,0 against 5
 Have 9,0 against 6
 Have 9,0 against 7
 Have 9,0 against 8
 Have 9,0 against 9
 Have 9,0 against 10
 Have 9,0 against 11
 Have 9,0 against 12
 Have 9,0 against 13
 Have 9,0 against 14
 Have 9,0 against 15
 Have 9,0 against 16
 Have 9,0 against 17
 Have 9,0 against 18
 Have 9,0 against 19
 Have 9,0 against 20
 Have 9,0 against 21
 Have 9,0 against 22
 Have 9,0 against 23
 Have 9,0 against 24
 Have 9,0 against 25
 Non intersecting Vertex 2.42 -2.27424 On object 9,0
 Have 9,1 against 0
 Have 9,1 against 1
 Have 9,1 against 2
 Have 9,1 against 3
 Have 9,1 against 4
 Have 9,1 against 5
 Have 9,1 against 6
 Have 9,1 against 7
 Have 9,1 against 8
 Have 9,1 against 9
 Have 9,1 against 10
 Have 9,1 against 11
 Have 9,1 against 12
 Have 9,1 against 13
 Have 9,1 against 14
 Have 9,1 against 15
 Have 9,1 against 16
 Have 9,1 against 17
 Have 9,1 against 18
 Have 9,1 against 19
 Have 9,1 against 20
 Have 9,1 against 21
 Have 9,1 against 22
 Have 9,1 against 23
 Have 9,1 against 24
 Have 9,1 against 25
 Non intersecting Vertex 2.84 -1.87228 On object 9,1
 Have 9,2 against 0
 Have 9,2 against 1
 Have 9,2 against 2
 Have 9,2 against 3
 Have 9,2 against 4
 Have 9,2 against 5
 Have 9,2 against 6
 Have 9,2 against 7
 Have 9,2 against 8
 Have 9,2 against 9
 CUT
 Have 10,0 against 0
 Have 10,0 against 1
 Have 10,0 against 2
 Have 10,0 against 3
 Have 10,0 against 4
 Have 10,0 against 5
 Have 10,0 against 6
 Have 10,0 against 7
 Have 10,0 against 8
 Have 10,0 against 9
 Have 10,0 against 10
 CUT
 Have 10,1 against 0
 Have 10,1 against 1
 Have 10,1 against 2
 Have 10,1 against 3
 Have 10,1 against 4
 Have 10,1 against 5
 Have 10,1 against 6
 Have 10,1 against 7
 Have 10,1 against 8
 Have 10,1 against 9
 Have 10,1 against 10
 Have 10,1 against 11
 Have 10,1 against 12
 Have 10,1 against 13
 Have 10,1 against 14
 Have 10,1 against 15
 Have 10,1 against 16
 Have 10,1 against 17
 Have 10,1 against 18
 Have 10,1 against 19
 Have 10,1 against 20
 Have 10,1 against 21
 Have 10,1 against 22
 Have 10,1 against 23
 Have 10,1 against 24
 Have 10,1 against 25
 Non intersecting Vertex 4.92 1.85113 On object 10,1
 Have 10,2 against 0
 Have 10,2 against 1
 Have 10,2 against 2
 Have 10,2 against 3
 Have 10,2 against 4
 Have 10,2 against 5
 Have 10,2 against 6
 Have 10,2 against 7
 Have 10,2 against 8
 Have 10,2 against 9
 Have 10,2 against 10
 Have 10,2 against 11
 Have 10,2 against 12
 Have 10,2 against 13
 Have 10,2 against 14
 Have 10,2 against 15
 Have 10,2 against 16
 Have 10,2 against 17
 Have 10,2 against 18
 Have 10,2 against 19
 Have 10,2 against 20
 Have 10,2 against 21
 Have 10,2 against 22
 Have 10,2 against 23
 Have 10,2 against 24
 Have 10,2 against 25
 Non intersecting Vertex 4.72 2.73967 On object 10,2
 Have 11,0 against 0
 Have 11,0 against 1
 Have 11,0 against 2
 Have 11,0 against 3
 Have 11,0 against 4
 Have 11,0 against 5
 Have 11,0 against 6
 Have 11,0 against 7
 Have 11,0 against 8
 Have 11,0 against 9
 Have 11,0 against 10
 Have 11,0 against 11
 Have 11,0 against 12
 Have 11,0 against 13
 Have 11,0 against 14
 Have 11,0 against 15
 Have 11,0 against 16
 Have 11,0 against 17
 Have 11,0 against 18
 Have 11,0 against 19
 Have 11,0 against 20
 Have 11,0 against 21
 Have 11,0 against 22
 Have 11,0 against 23
 Have 11,0 against 24
 Have 11,0 against 25
 Non intersecting Vertex 4.78 4.66484 On object 11,0
 Have 11,1 against 0
 Have 11,1 against 1
 Have 11,1 against 2
 Have 11,1 against 3
 Have 11,1 against 4
 Have 11,1 against 5
 Have 11,1 against 6
 Have 11,1 against 7
 Have 11,1 against 8
 Have 11,1 against 9
 Have 11,1 against 10
 Have 11,1 against 11
 Have 11,1 against 12
 Have 11,1 against 13
 Have 11,1 against 14
 Have 11,1 against 15
 Have 11,1 against 16
 Have 11,1 against 17
 Have 11,1 against 18
 Have 11,1 against 19
 Have 11,1 against 20
 Have 11,1 against 21
 Have 11,1 against 22
 Have 11,1 against 23
 Have 11,1 against 24
 Have 11,1 against 25
 Non intersecting Vertex 4.5 4.8764 On object 11,1
 Have 11,2 against 0
 Have 11,2 against 1
 Have 11,2 against 2
 Have 11,2 against 3
 Have 11,2 against 4
 Have 11,2 against 5
 Have 11,2 against 6
 Have 11,2 against 7
 Have 11,2 against 8
 Have 11,2 against 9
 Have 11,2 against 10
 Have 11,2 against 11
 CUT
 Have 12,0 against 0
 Have 12,0 against 1
 Have 12,0 against 2
 Have 12,0 against 3
 Have 12,0 against 4
 Have 12,0 against 5
 Have 12,0 against 6
 Have 12,0 against 7
 Have 12,0 against 8
 Have 12,0 against 9
 Have 12,0 against 10
 Have 12,0 against 11
 Have 12,0 against 12
 CUT
 Have 12,1 against 0
 Have 12,1 against 1
 Have 12,1 against 2
 Have 12,1 against 3
 Have 12,1 against 4
 Have 12,1 against 5
 Have 12,1 against 6
 Have 12,1 against 7
 Have 12,1 against 8
 Have 12,1 against 9
 Have 12,1 against 10
 Have 12,1 against 11
 Have 12,1 against 12
 CUT
 Have 12,2 against 0
 Have 12,2 against 1
 Have 12,2 against 2
 Have 12,2 against 3
 Have 12,2 against 4
 Have 12,2 against 5
 Have 12,2 against 6
 Have 12,2 against 7
 Have 12,2 against 8
 Have 12,2 against 9
 Have 12,2 against 10
 Have 12,2 against 11
 Have 12,2 against 12
 Have 12,2 against 13
 Have 12,2 against 14
 Have 12,2 against 15
 Have 12,2 against 16
 Have 12,2 against 17
 Have 12,2 against 18
 Have 12,2 against 19
 Have 12,2 against 20
 Have 12,2 against 21
 Have 12,2 against 22
 Have 12,2 against 23
 Have 12,2 against 24
 Have 12,2 against 25
 Non intersecting Vertex 3.7 6.56885 On object 12,2
 Have 12,3 against 0
 Have 12,3 against 1
 Have 12,3 against 2
 Have 12,3 against 3
 Have 12,3 against 4
 Have 12,3 against 5
 Have 12,3 against 6
 Have 12,3 against 7
 Have 12,3 against 8
 Have 12,3 against 9
 Have 12,3 against 10
 Have 12,3 against 11
 Have 12,3 against 12
 Have 12,3 against 13
 Have 12,3 against 14
 Have 12,3 against 15
 Have 12,3 against 16
 Have 12,3 against 17
 Have 12,3 against 18
 Have 12,3 against 19
 Have 12,3 against 20
 Have 12,3 against 21
 Have 12,3 against 22
 Have 12,3 against 23
 Have 12,3 against 24
 Have 12,3 against 25
 Non intersecting Vertex 2.2 5.89187 On object 12,3
 Have 12,4 against 0
 Have 12,4 against 1
 Have 12,4 against 2
 Have 12,4 against 3
 Have 12,4 against 4
 Have 12,4 against 5
 Have 12,4 against 6
 Have 12,4 against 7
 Have 12,4 against 8
 Have 12,4 against 9
 Have 12,4 against 10
 Have 12,4 against 11
 Have 12,4 against 12
 Have 12,4 against 13
 Have 12,4 against 14
 Have 12,4 against 15
 Have 12,4 against 16
 Have 12,4 against 17
 Have 12,4 against 18
 Have 12,4 against 19
 Have 12,4 against 20
 Have 12,4 against 21
 Have 12,4 against 22
 Have 12,4 against 23
 Have 12,4 against 24
 Have 12,4 against 25
 Non intersecting Vertex 1.52 7.01312 On object 12,4
 Have 12,5 against 0
 Have 12,5 against 1
 Have 12,5 against 2
 Have 12,5 against 3
 Have 12,5 against 4
 Have 12,5 against 5
 Have 12,5 against 6
 Have 12,5 against 7
 Have 12,5 against 8
 Have 12,5 against 9
 Have 12,5 against 10
 Have 12,5 against 11
 Have 12,5 against 12
 CUT
 Have 12,6 against 0
 Have 12,6 against 1
 Have 12,6 against 2
 Have 12,6 against 3
 Have 12,6 against 4
 Have 12,6 against 5
 Have 12,6 against 6
 Have 12,6 against 7
 Have 12,6 against 8
 Have 12,6 against 9
 Have 12,6 against 10
 Have 12,6 against 11
 Have 12,6 against 12
 Have 12,6 against 13
 Have 12,6 against 14
 Have 12,6 against 15
 Have 12,6 against 16
 Have 12,6 against 17
 Have 12,6 against 18
 Have 12,6 against 19
 Have 12,6 against 20
 Have 12,6 against 21
 Have 12,6 against 22
 Have 12,6 against 23
 Have 12,6 against 24
 Have 12,6 against 25
 Non intersecting Vertex 1.44 9.44603 On object 12,6
 Have 12,7 against 0
 Have 12,7 against 1
 Have 12,7 against 2
 Have 12,7 against 3
 Have 12,7 against 4
 Have 12,7 against 5
 Have 12,7 against 6
 Have 12,7 against 7
 Have 12,7 against 8
 Have 12,7 against 9
 Have 12,7 against 10
 Have 12,7 against 11
 Have 12,7 against 12
 CUT
 Have 13,0 against 0
 Have 13,0 against 1
 Have 13,0 against 2
 Have 13,0 against 3
 Have 13,0 against 4
 Have 13,0 against 5
 Have 13,0 against 6
 Have 13,0 against 7
 Have 13,0 against 8
 Have 13,0 against 9
 Have 13,0 against 10
 Have 13,0 against 11
 Have 13,0 against 12
 Have 13,0 against 13
 Have 13,0 against 14
 Have 13,0 against 15
 Have 13,0 against 16
 Have 13,0 against 17
 Have 13,0 against 18
 Have 13,0 against 19
 Have 13,0 against 20
 Have 13,0 against 21
 Have 13,0 against 22
 Have 13,0 against 23
 Have 13,0 against 24
 Have 13,0 against 25
 Non intersecting Vertex 15.76 3.71283 On object 13,0
 Have 13,1 against 0
 Have 13,1 against 1
 Have 13,1 against 2
 Have 13,1 against 3
 Have 13,1 against 4
 Have 13,1 against 5
 Have 13,1 against 6
 Have 13,1 against 7
 Have 13,1 against 8
 Have 13,1 against 9
 Have 13,1 against 10
 Have 13,1 against 11
 Have 13,1 against 12
 Have 13,1 against 13
 Have 13,1 against 14
 Have 13,1 against 15
 Have 13,1 against 16
 Have 13,1 against 17
 Have 13,1 against 18
 Have 13,1 against 19
 Have 13,1 against 20
 Have 13,1 against 21
 Have 13,1 against 22
 Have 13,1 against 23
 Have 13,1 against 24
 Have 13,1 against 25
 Non intersecting Vertex 14.88 3.73399 On object 13,1
 Have 13,2 against 0
 Have 13,2 against 1
 Have 13,2 against 2
 Have 13,2 against 3
 Have 13,2 against 4
 Have 13,2 against 5
 Have 13,2 against 6
 Have 13,2 against 7
 Have 13,2 against 8
 Have 13,2 against 9
 Have 13,2 against 10
 Have 13,2 against 11
 Have 13,2 against 12
 Have 13,2 against 13
 Have 13,2 against 14
 Have 13,2 against 15
 Have 13,2 against 16
 Have 13,2 against 17
 Have 13,2 against 18
 Have 13,2 against 19
 Have 13,2 against 20
 Have 13,2 against 21
 Have 13,2 against 22
 Have 13,2 against 23
 Have 13,2 against 24
 Have 13,2 against 25
 Non intersecting Vertex 15.68 4.28404 On object 13,2
 Have 14,0 against 0
 Have 14,0 against 1
 Have 14,0 against 2
 Have 14,0 against 3
 CUT
 Have 14,1 against 0
 Have 14,1 against 1
 Have 14,1 against 2
 Have 14,1 against 3
 Have 14,1 against 4
 Have 14,1 against 5
 Have 14,1 against 6
 Have 14,1 against 7
 Have 14,1 against 8
 Have 14,1 against 9
 Have 14,1 against 10
 Have 14,1 against 11
 Have 14,1 against 12
 Have 14,1 against 13
 Have 14,1 against 14
 Have 14,1 against 15
 Have 14,1 against 16
 Have 14,1 against 17
 Have 14,1 against 18
 Have 14,1 against 19
 Have 14,1 against 20
 Have 14,1 against 21
 Have 14,1 against 22
 Have 14,1 against 23
 Have 14,1 against 24
 Have 14,1 against 25
 Non intersecting Vertex 13.76 1.42801 On object 14,1
 Have 14,2 against 0
 Have 14,2 against 1
 Have 14,2 against 2
 Have 14,2 against 3
 Have 14,2 against 4
 Have 14,2 against 5
 Have 14,2 against 6
 Have 14,2 against 7
 Have 14,2 against 8
 Have 14,2 against 9
 Have 14,2 against 10
 Have 14,2 against 11
 Have 14,2 against 12
 Have 14,2 against 13
 Have 14,2 against 14
 Have 14,2 against 15
 Have 14,2 against 16
 Have 14,2 against 17
 Have 14,2 against 18
 Have 14,2 against 19
 Have 14,2 against 20
 Have 14,2 against 21
 Have 14,2 against 22
 Have 14,2 against 23
 Have 14,2 against 24
 Have 14,2 against 25
 Non intersecting Vertex 15.36 1.89344 On object 14,2
 Have 15,0 against 0
 Have 15,0 against 1
 Have 15,0 against 2
 Have 15,0 against 3
 CUT
 Have 15,1 against 0
 Have 15,1 against 1
 Have 15,1 against 2
 Have 15,1 against 3
 Have 15,1 against 4
 Have 15,1 against 5
 Have 15,1 against 6
 Have 15,1 against 7
 Have 15,1 against 8
 Have 15,1 against 9
 Have 15,1 against 10
 Have 15,1 against 11
 Have 15,1 against 12
 Have 15,1 against 13
 Have 15,1 against 14
 Have 15,1 against 15
 Have 15,1 against 16
 Have 15,1 against 17
 Have 15,1 against 18
 Have 15,1 against 19
 Have 15,1 against 20
 Have 15,1 against 21
 Have 15,1 against 22
 Have 15,1 against 23
 Have 15,1 against 24
 Have 15,1 against 25
 Non intersecting Vertex 14.98 -4.72831 On object 15,1
 Have 15,2 against 0
 Have 15,2 against 1
 Have 15,2 against 2
 Have 15,2 against 3
 Have 15,2 against 4
 Have 15,2 against 5
 Have 15,2 against 6
 Have 15,2 against 7
 Have 15,2 against 8
 Have 15,2 against 9
 Have 15,2 against 10
 Have 15,2 against 11
 Have 15,2 against 12
 Have 15,2 against 13
 Have 15,2 against 14
 Have 15,2 against 15
 Have 15,2 against 16
 Have 15,2 against 17
 Have 15,2 against 18
 Have 15,2 against 19
 Have 15,2 against 20
 Have 15,2 against 21
 Have 15,2 against 22
 Have 15,2 against 23
 Have 15,2 against 24
 Have 15,2 against 25
 Non intersecting Vertex 17.32 -5.95534 On object 15,2
 Have 16,0 against 0
 Have 16,0 against 1
 Have 16,0 against 2
 Have 16,0 against 3
 Have 16,0 against 4
 CUT
 Have 16,1 against 0
 Have 16,1 against 1
 Have 16,1 against 2
 Have 16,1 against 3
 Have 16,1 against 4
 Have 16,1 against 5
 Have 16,1 against 6
 Have 16,1 against 7
 Have 16,1 against 8
 Have 16,1 against 9
 Have 16,1 against 10
 Have 16,1 against 11
 Have 16,1 against 12
 Have 16,1 against 13
 Have 16,1 against 14
 Have 16,1 against 15
 Have 16,1 against 16
 Have 16,1 against 17
 Have 16,1 against 18
 Have 16,1 against 19
 Have 16,1 against 20
 Have 16,1 against 21
 Have 16,1 against 22
 Have 16,1 against 23
 Have 16,1 against 24
 Have 16,1 against 25
 Non intersecting Vertex 14.7 -6.31499 On object 16,1
 Have 16,2 against 0
 Have 16,2 against 1
 Have 16,2 against 2
 Have 16,2 against 3
 Have 16,2 against 4
 Have 16,2 against 5
 Have 16,2 against 6
 Have 16,2 against 7
 Have 16,2 against 8
 Have 16,2 against 9
 Have 16,2 against 10
 Have 16,2 against 11
 Have 16,2 against 12
 Have 16,2 against 13
 Have 16,2 against 14
 Have 16,2 against 15
 Have 16,2 against 16
 Have 16,2 against 17
 Have 16,2 against 18
 Have 16,2 against 19
 Have 16,2 against 20
 Have 16,2 against 21
 Have 16,2 against 22
 Have 16,2 against 23
 Have 16,2 against 24
 Have 16,2 against 25
 Non intersecting Vertex 16.44 -6.59001 On object 16,2
 Have 17,0 against 0
 Have 17,0 against 1
 Have 17,0 against 2
 Have 17,0 against 3
 Have 17,0 against 4
 Have 17,0 against 5
 Have 17,0 against 6
 Have 17,0 against 7
 Have 17,0 against 8
 CUT
 Have 17,1 against 0
 Have 17,1 against 1
 Have 17,1 against 2
 Have 17,1 against 3
 Have 17,1 against 4
 Have 17,1 against 5
 Have 17,1 against 6
 Have 17,1 against 7
 Have 17,1 against 8
 Have 17,1 against 9
 Have 17,1 against 10
 Have 17,1 against 11
 Have 17,1 against 12
 Have 17,1 against 13
 Have 17,1 against 14
 Have 17,1 against 15
 Have 17,1 against 16
 Have 17,1 against 17
 Have 17,1 against 18
 Have 17,1 against 19
 Have 17,1 against 20
 Have 17,1 against 21
 Have 17,1 against 22
 Have 17,1 against 23
 Have 17,1 against 24
 Have 17,1 against 25
 Non intersecting Vertex 8.7 -3.79745 On object 17,1
 Have 17,2 against 0
 Have 17,2 against 1
 Have 17,2 against 2
 Have 17,2 against 3
 Have 17,2 against 4
 Have 17,2 against 5
 Have 17,2 against 6
 Have 17,2 against 7
 Have 17,2 against 8
 Have 17,2 against 9
 Have 17,2 against 10
 Have 17,2 against 11
 Have 17,2 against 12
 Have 17,2 against 13
 Have 17,2 against 14
 Have 17,2 against 15
 Have 17,2 against 16
 Have 17,2 against 17
 Have 17,2 against 18
 Have 17,2 against 19
 Have 17,2 against 20
 Have 17,2 against 21
 Have 17,2 against 22
 Have 17,2 against 23
 Have 17,2 against 24
 Have 17,2 against 25
 Non intersecting Vertex 7.68 -3.54359 On object 17,2
 Have 18,0 against 0
 Have 18,0 against 1
 Have 18,0 against 2
 Have 18,0 against 3
 Have 18,0 against 4
 Have 18,0 against 5
 Have 18,0 against 6
 Have 18,0 against 7
 Have 18,0 against 8
 Have 18,0 against 9
 Have 18,0 against 10
 Have 18,0 against 11
 Have 18,0 against 12
 Have 18,0 against 13
 Have 18,0 against 14
 Have 18,0 against 15
 Have 18,0 against 16
 Have 18,0 against 17
 Have 18,0 against 18
 CUT
 Have 18,1 against 0
 Have 18,1 against 1
 Have 18,1 against 2
 Have 18,1 against 3
 Have 18,1 against 4
 Have 18,1 against 5
 Have 18,1 against 6
 Have 18,1 against 7
 Have 18,1 against 8
 Have 18,1 against 9
 Have 18,1 against 10
 Have 18,1 against 11
 Have 18,1 against 12
 Have 18,1 against 13
 Have 18,1 against 14
 Have 18,1 against 15
 Have 18,1 against 16
 Have 18,1 against 17
 Have 18,1 against 18
 Have 18,1 against 19
 Have 18,1 against 20
 Have 18,1 against 21
 Have 18,1 against 22
 Have 18,1 against 23
 Have 18,1 against 24
 Have 18,1 against 25
 CUT
 Have 18,2 against 0
 Have 18,2 against 1
 Have 18,2 against 2
 Have 18,2 against 3
 Have 18,2 against 4
 Have 18,2 against 5
 Have 18,2 against 6
 Have 18,2 against 7
 Have 18,2 against 8
 Have 18,2 against 9
 Have 18,2 against 10
 Have 18,2 against 11
 Have 18,2 against 12
 Have 18,2 against 13
 Have 18,2 against 14
 Have 18,2 against 15
 Have 18,2 against 16
 Have 18,2 against 17
 Have 18,2 against 18
 Have 18,2 against 19
 Have 18,2 against 20
 Have 18,2 against 21
 Have 18,2 against 22
 Have 18,2 against 23
 Have 18,2 against 24
 Have 18,2 against 25
 Non intersecting Vertex -10.16 2.33771 On object 18,2
 Have 18,3 against 0
 Have 18,3 against 1
 Have 18,3 against 2
 Have 18,3 against 3
 Have 18,3 against 4
 Have 18,3 against 5
 Have 18,3 against 6
 Have 18,3 against 7
 Have 18,3 against 8
 Have 18,3 against 9
 Have 18,3 against 10
 Have 18,3 against 11
 Have 18,3 against 12
 Have 18,3 against 13
 Have 18,3 against 14
 Have 18,3 against 15
 Have 18,3 against 16
 Have 18,3 against 17
 Have 18,3 against 18
 Have 18,3 against 19
 Have 18,3 against 20
 Have 18,3 against 21
 Have 18,3 against 22
 Have 18,3 against 23
 Have 18,3 against 24
 Have 18,3 against 25
 Non intersecting Vertex -10.06 1.08952 On object 18,3
 Have 18,4 against 0
 Have 18,4 against 1
 Have 18,4 against 2
 Have 18,4 against 3
 Have 18,4 against 4
 Have 18,4 against 5
 Have 18,4 against 6
 Have 18,4 against 7
 Have 18,4 against 8
 Have 18,4 against 9
 Have 18,4 against 10
 Have 18,4 against 11
 Have 18,4 against 12
 Have 18,4 against 13
 Have 18,4 against 14
 Have 18,4 against 15
 Have 18,4 against 16
 Have 18,4 against 17
 Have 18,4 against 18
 Have 18,4 against 19
 Have 18,4 against 20
 Have 18,4 against 21
 Have 18,4 against 22
 CUT
 Have 18,5 against 0
 Have 18,5 against 1
 Have 18,5 against 2
 Have 18,5 against 3
 Have 18,5 against 4
 Have 18,5 against 5
 Have 18,5 against 6
 Have 18,5 against 7
 Have 18,5 against 8
 Have 18,5 against 9
 Have 18,5 against 10
 Have 18,5 against 11
 Have 18,5 against 12
 Have 18,5 against 13
 Have 18,5 against 14
 Have 18,5 against 15
 Have 18,5 against 16
 Have 18,5 against 17
 Have 18,5 against 18
 CUT
 Have 18,6 against 0
 Have 18,6 against 1
 Have 18,6 against 2
 Have 18,6 against 3
 Have 18,6 against 4
 Have 18,6 against 5
 Have 18,6 against 6
 Have 18,6 against 7
 Have 18,6 against 8
 Have 18,6 against 9
 Have 18,6 against 10
 Have 18,6 against 11
 Have 18,6 against 12
 Have 18,6 against 13
 Have 18,6 against 14
 Have 18,6 against 15
 Have 18,6 against 16
 Have 18,6 against 17
 Have 18,6 against 18
 CUT
 Have 18,7 against 0
 Have 18,7 against 1
 Have 18,7 against 2
 Have 18,7 against 3
 Have 18,7 against 4
 Have 18,7 against 5
 Have 18,7 against 6
 Have 18,7 against 7
 Have 18,7 against 8
 Have 18,7 against 9
 Have 18,7 against 10
 Have 18,7 against 11
 Have 18,7 against 12
 Have 18,7 against 13
 Have 18,7 against 14
 Have 18,7 against 15
 Have 18,7 against 16
 Have 18,7 against 17
 Have 18,7 against 18
 CUT
 Have 19,0 against 0
 Have 19,0 against 1
 Have 19,0 against 2
 Have 19,0 against 3
 Have 19,0 against 4
 Have 19,0 against 5
 Have 19,0 against 6
 Have 19,0 against 7
 Have 19,0 against 8
 Have 19,0 against 9
 Have 19,0 against 10
 Have 19,0 against 11
 Have 19,0 against 12
 Have 19,0 against 13
 Have 19,0 against 14
 Have 19,0 against 15
 Have 19,0 against 16
 Have 19,0 against 17
 Have 19,0 against 18
 Have 19,0 against 19
 Have 19,0 against 20
 Have 19,0 against 21
 Have 19,0 against 22
 Have 19,0 against 23
 Have 19,0 against 24
 Have 19,0 against 25
 Non intersecting Vertex -2.48 7.30931 On object 19,0
 Have 19,1 against 0
 Have 19,1 against 1
 Have 19,1 against 2
 Have 19,1 against 3
 Have 19,1 against 4
 Have 19,1 against 5
 Have 19,1 against 6
 Have 19,1 against 7
 Have 19,1 against 8
 Have 19,1 against 9
 Have 19,1 against 10
 Have 19,1 against 11
 Have 19,1 against 12
 Have 19,1 against 13
 Have 19,1 against 14
 Have 19,1 against 15
 Have 19,1 against 16
 Have 19,1 against 17
 Have 19,1 against 18
 Have 19,1 against 19
 Have 19,1 against 20
 Have 19,1 against 21
 Have 19,1 against 22
 Have 19,1 against 23
 Have 19,1 against 24
 Have 19,1 against 25
 Non intersecting Vertex -3.04 6.3573 On object 19,1
 Have 19,2 against 0
 Have 19,2 against 1
 Have 19,2 against 2
 Have 19,2 against 3
 Have 19,2 against 4
 Have 19,2 against 5
 Have 19,2 against 6
 Have 19,2 against 7
 Have 19,2 against 8
 Have 19,2 against 9
 Have 19,2 against 10
 Have 19,2 against 11
 Have 19,2 against 12
 Have 19,2 against 13
 Have 19,2 against 14
 Have 19,2 against 15
 Have 19,2 against 16
 Have 19,2 against 17
 Have 19,2 against 18
 Have 19,2 against 19
 Have 19,2 against 20
 Have 19,2 against 21
 Have 19,2 against 22
 Have 19,2 against 23
 Have 19,2 against 24
 Have 19,2 against 25
 Non intersecting Vertex -4 5.97649 On object 19,2
 Have 19,3 against 0
 Have 19,3 against 1
 Have 19,3 against 2
 Have 19,3 against 3
 Have 19,3 against 4
 Have 19,3 against 5
 Have 19,3 against 6
 Have 19,3 against 7
 Have 19,3 against 8
 Have 19,3 against 9
 Have 19,3 against 10
 Have 19,3 against 11
 Have 19,3 against 12
 Have 19,3 against 13
 Have 19,3 against 14
 Have 19,3 against 15
 Have 19,3 against 16
 Have 19,3 against 17
 Have 19,3 against 18
 Have 19,3 against 19
 Have 19,3 against 20
 CUT
 Have 19,4 against 0
 Have 19,4 against 1
 Have 19,4 against 2
 Have 19,4 against 3
 Have 19,4 against 4
 Have 19,4 against 5
 Have 19,4 against 6
 Have 19,4 against 7
 Have 19,4 against 8
 Have 19,4 against 9
 Have 19,4 against 10
 Have 19,4 against 11
 Have 19,4 against 12
 Have 19,4 against 13
 Have 19,4 against 14
 Have 19,4 against 15
 Have 19,4 against 16
 Have 19,4 against 17
 Have 19,4 against 18
 Have 19,4 against 19
 Have 19,4 against 20
 CUT
 Have 19,5 against 0
 Have 19,5 against 1
 Have 19,5 against 2
 Have 19,5 against 3
 Have 19,5 against 4
 Have 19,5 against 5
 Have 19,5 against 6
 Have 19,5 against 7
 Have 19,5 against 8
 Have 19,5 against 9
 Have 19,5 against 10
 Have 19,5 against 11
 Have 19,5 against 12
 Have 19,5 against 13
 Have 19,5 against 14
 Have 19,5 against 15
 Have 19,5 against 16
 Have 19,5 against 17
 Have 19,5 against 18
 Have 19,5 against 19
 CUT
 Have 19,6 against 0
 Have 19,6 against 1
 Have 19,6 against 2
 Have 19,6 against 3
 Have 19,6 against 4
 Have 19,6 against 5
 Have 19,6 against 6
 Have 19,6 against 7
 Have 19,6 against 8
 Have 19,6 against 9
 Have 19,6 against 10
 Have 19,6 against 11
 Have 19,6 against 12
 Have 19,6 against 13
 Have 19,6 against 14
 Have 19,6 against 15
 Have 19,6 against 16
 Have 19,6 against 17
 Have 19,6 against 18
 Have 19,6 against 19
 CUT
 Have 19,7 against 0
 Have 19,7 against 1
 Have 19,7 against 2
 Have 19,7 against 3
 Have 19,7 against 4
 Have 19,7 against 5
 Have 19,7 against 6
 Have 19,7 against 7
 Have 19,7 against 8
 Have 19,7 against 9
 Have 19,7 against 10
 Have 19,7 against 11
 Have 19,7 against 12
 Have 19,7 against 13
 Have 19,7 against 14
 Have 19,7 against 15
 Have 19,7 against 16
 Have 19,7 against 17
 Have 19,7 against 18
 Have 19,7 against 19
 CUT
 Have 19,8 against 0
 Have 19,8 against 1
 Have 19,8 against 2
 Have 19,8 against 3
 Have 19,8 against 4
 Have 19,8 against 5
 Have 19,8 against 6
 Have 19,8 against 7
 Have 19,8 against 8
 Have 19,8 against 9
 Have 19,8 against 10
 Have 19,8 against 11
 Have 19,8 against 12
 Have 19,8 against 13
 Have 19,8 against 14
 Have 19,8 against 15
 Have 19,8 against 16
 Have 19,8 against 17
 Have 19,8 against 18
 Have 19,8 against 19
 CUT
 Have 19,9 against 0
 Have 19,9 against 1
 Have 19,9 against 2
 Have 19,9 against 3
 Have 19,9 against 4
 Have 19,9 against 5
 Have 19,9 against 6
 Have 19,9 against 7
 Have 19,9 against 8
 Have 19,9 against 9
 Have 19,9 against 10
 Have 19,9 against 11
 Have 19,9 against 12
 Have 19,9 against 13
 Have 19,9 against 14
 Have 19,9 against 15
 Have 19,9 against 16
 Have 19,9 against 17
 Have 19,9 against 18
 Have 19,9 against 19
 CUT
 Have 19,10 against 0
 Have 19,10 against 1
 Have 19,10 against 2
 Have 19,10 against 3
 Have 19,10 against 4
 Have 19,10 against 5
 Have 19,10 against 6
 Have 19,10 against 7
 Have 19,10 against 8
 Have 19,10 against 9
 Have 19,10 against 10
 Have 19,10 against 11
 Have 19,10 against 12
 Have 19,10 against 13
 Have 19,10 against 14
 Have 19,10 against 15
 Have 19,10 against 16
 Have 19,10 against 17
 Have 19,10 against 18
 Have 19,10 against 19
 Have 19,10 against 20
 Have 19,10 against 21
 Have 19,10 against 22
 Have 19,10 against 23
 Have 19,10 against 24
 Have 19,10 against 25
 Non intersecting Vertex -2.4 8.4094 On object 19,10
 Have 20,0 against 0
 Have 20,0 against 1
 Have 20,0 against 2
 Have 20,0 against 3
 Have 20,0 against 4
 Have 20,0 against 5
 Have 20,0 against 6
 Have 20,0 against 7
 Have 20,0 against 8
 Have 20,0 against 9
 Have 20,0 against 10
 Have 20,0 against 11
 Have 20,0 against 12
 Have 20,0 against 13
 Have 20,0 against 14
 Have 20,0 against 15
 Have 20,0 against 16
 Have 20,0 against 17
 Have 20,0 against 18
 Have 20,0 against 19
 Have 20,0 against 20
 Have 20,0 against 21
 Have 20,0 against 22
 Have 20,0 against 23
 Have 20,0 against 24
 Have 20,0 against 25
 Non intersecting Vertex -2.4 3.057 On object 20,0
 Have 20,1 against 0
 Have 20,1 against 1
 Have 20,1 against 2
 Have 20,1 against 3
 Have 20,1 against 4
 Have 20,1 against 5
 Have 20,1 against 6
 Have 20,1 against 7
 Have 20,1 against 8
 Have 20,1 against 9
 Have 20,1 against 10
 Have 20,1 against 11
 Have 20,1 against 12
 Have 20,1 against 13
 Have 20,1 against 14
 Have 20,1 against 15
 Have 20,1 against 16
 Have 20,1 against 17
 Have 20,1 against 18
 Have 20,1 against 19
 Have 20,1 against 20
 Have 20,1 against 21
 Have 20,1 against 22
 Have 20,1 against 23
 Have 20,1 against 24
 Have 20,1 against 25
 Non intersecting Vertex -3.52 2.69736 On object 20,1
 Have 20,2 against 0
 Have 20,2 against 1
 Have 20,2 against 2
 Have 20,2 against 3
 Have 20,2 against 4
 Have 20,2 against 5
 Have 20,2 against 6
 Have 20,2 against 7
 Have 20,2 against 8
 Have 20,2 against 9
 Have 20,2 against 10
 Have 20,2 against 11
 Have 20,2 against 12
 Have 20,2 against 13
 Have 20,2 against 14
 Have 20,2 against 15
 Have 20,2 against 16
 Have 20,2 against 17
 Have 20,2 against 18
 Have 20,2 against 19
 Have 20,2 against 20
 Have 20,2 against 21
 Have 20,2 against 22
 Have 20,2 against 23
 Have 20,2 against 24
 Have 20,2 against 25
 Non intersecting Vertex -2.54 2.31655 On object 20,2
 Have 21,0 against 0
 Have 21,0 against 1
 Have 21,0 against 2
 Have 21,0 against 3
 Have 21,0 against 4
 Have 21,0 against 5
 Have 21,0 against 6
 Have 21,0 against 7
 Have 21,0 against 8
 Have 21,0 against 9
 Have 21,0 against 10
 Have 21,0 against 11
 Have 21,0 against 12
 Have 21,0 against 13
 Have 21,0 against 14
 Have 21,0 against 15
 Have 21,0 against 16
 Have 21,0 against 17
 Have 21,0 against 18
 Have 21,0 against 19
 Have 21,0 against 20
 Have 21,0 against 21
 Have 21,0 against 22
 Have 21,0 against 23
 Have 21,0 against 24
 Have 21,0 against 25
 Non intersecting Vertex 0.639999 4.49559 On object 21,0
 Have 21,1 against 0
 Have 21,1 against 1
 Have 21,1 against 2
 Have 21,1 against 3
 Have 21,1 against 4
 Have 21,1 against 5
 Have 21,1 against 6
 Have 21,1 against 7
 Have 21,1 against 8
 Have 21,1 against 9
 Have 21,1 against 10
 Have 21,1 against 11
 Have 21,1 against 12
 Have 21,1 against 13
 Have 21,1 against 14
 Have 21,1 against 15
 Have 21,1 against 16
 Have 21,1 against 17
 Have 21,1 against 18
 Have 21,1 against 19
 Have 21,1 against 20
 Have 21,1 against 21
 Have 21,1 against 22
 Have 21,1 against 23
 Have 21,1 against 24
 Have 21,1 against 25
 Non intersecting Vertex -0.38 4.60137 On object 21,1
 Have 21,2 against 0
 Have 21,2 against 1
 Have 21,2 against 2
 Have 21,2 against 3
 Have 21,2 against 4
 Have 21,2 against 5
 Have 21,2 against 6
 Have 21,2 against 7
 Have 21,2 against 8
 Have 21,2 against 9
 Have 21,2 against 10
 Have 21,2 against 11
 Have 21,2 against 12
 Have 21,2 against 13
 Have 21,2 against 14
 Have 21,2 against 15
 Have 21,2 against 16
 Have 21,2 against 17
 Have 21,2 against 18
 Have 21,2 against 19
 Have 21,2 against 20
 Have 21,2 against 21
 Have 21,2 against 22
 Have 21,2 against 23
 Have 21,2 against 24
 Have 21,2 against 25
 Non intersecting Vertex 0.44 3.60705 On object 21,2
 Have 22,0 against 0
 Have 22,0 against 1
 Have 22,0 against 2
 Have 22,0 against 3
 Have 22,0 against 4
 Have 22,0 against 5
 Have 22,0 against 6
 Have 22,0 against 7
 Have 22,0 against 8
 Have 22,0 against 9
 Have 22,0 against 10
 Have 22,0 against 11
 Have 22,0 against 12
 Have 22,0 against 13
 Have 22,0 against 14
 Have 22,0 against 15
 Have 22,0 against 16
 Have 22,0 against 17
 Have 22,0 against 18
 Have 22,0 against 19
 Have 22,0 against 20
 Have 22,0 against 21
 Have 22,0 against 22
 Have 22,0 against 23
 Have 22,0 against 24
 Have 22,0 against 25
 Non intersecting Vertex -6.84 0.666406 On object 22,0
 Have 22,1 against 0
 Have 22,1 against 1
 Have 22,1 against 2
 Have 22,1 against 3
 Have 22,1 against 4
 Have 22,1 against 5
 Have 22,1 against 6
 Have 22,1 against 7
 Have 22,1 against 8
 Have 22,1 against 9
 Have 22,1 against 10
 Have 22,1 against 11
 Have 22,1 against 12
 Have 22,1 against 13
 Have 22,1 against 14
 Have 22,1 against 15
 Have 22,1 against 16
 Have 22,1 against 17
 Have 22,1 against 18
 Have 22,1 against 19
 Have 22,1 against 20
 Have 22,1 against 21
 Have 22,1 against 22
 Have 22,1 against 23
 Have 22,1 against 24
 Have 22,1 against 25
 Non intersecting Vertex -6.62 0.179823 On object 22,1
 Have 22,2 against 0
 Have 22,2 against 1
 Have 22,2 against 2
 Have 22,2 against 3
 Have 22,2 against 4
 Have 22,2 against 5
 Have 22,2 against 6
 Have 22,2 against 7
 Have 22,2 against 8
 Have 22,2 against 9
 Have 22,2 against 10
 Have 22,2 against 11
 Have 22,2 against 12
 Have 22,2 against 13
 Have 22,2 against 14
 Have 22,2 against 15
 Have 22,2 against 16
 Have 22,2 against 17
 Have 22,2 against 18
 Have 22,2 against 19
 Have 22,2 against 20
 Have 22,2 against 21
 Have 22,2 against 22
 Have 22,2 against 23
 Have 22,2 against 24
 Have 22,2 against 25
 Non intersecting Vertex -5.9 0.49716 On object 22,2
 Have 23,0 against 0
 Have 23,0 against 1
 Have 23,0 against 2
 Have 23,0 against 3
 Have 23,0 against 4
 Have 23,0 against 5
 Have 23,0 against 6
 Have 23,0 against 7
 Have 23,0 against 8
 Have 23,0 against 9
 Have 23,0 against 10
 Have 23,0 against 11
 Have 23,0 against 12
 Have 23,0 against 13
 Have 23,0 against 14
 Have 23,0 against 15
 Have 23,0 against 16
 Have 23,0 against 17
 Have 23,0 against 18
 Have 23,0 against 19
 Have 23,0 against 20
 Have 23,0 against 21
 Have 23,0 against 22
 Have 23,0 against 23
 Have 23,0 against 24
 Have 23,0 against 25
 Non intersecting Vertex -5 0.0952006 On object 23,0
 Have 23,1 against 0
 Have 23,1 against 1
 Have 23,1 against 2
 Have 23,1 against 3
 Have 23,1 against 4
 Have 23,1 against 5
 Have 23,1 against 6
 Have 23,1 against 7
 Have 23,1 against 8
 Have 23,1 against 9
 Have 23,1 against 10
 Have 23,1 against 11
 Have 23,1 against 12
 Have 23,1 against 13
 Have 23,1 against 14
 Have 23,1 against 15
 Have 23,1 against 16
 Have 23,1 against 17
 Have 23,1 against 18
 Have 23,1 against 19
 Have 23,1 against 20
 Have 23,1 against 21
 Have 23,1 against 22
 Have 23,1 against 23
 Have 23,1 against 24
 Have 23,1 against 25
 Non intersecting Vertex -4.94 -0.454848 On object 23,1
 Have 23,2 against 0
 Have 23,2 against 1
 Have 23,2 against 2
 Have 23,2 against 3
 Have 23,2 against 4
 Have 23,2 against 5
 Have 23,2 against 6
 Have 23,2 against 7
 Have 23,2 against 8
 Have 23,2 against 9
 Have 23,2 against 10
 Have 23,2 against 11
 Have 23,2 against 12
 Have 23,2 against 13
 Have 23,2 against 14
 Have 23,2 against 15
 Have 23,2 against 16
 Have 23,2 against 17
 Have 23,2 against 18
 Have 23,2 against 19
 Have 23,2 against 20
 Have 23,2 against 21
 Have 23,2 against 22
 Have 23,2 against 23
 Have 23,2 against 24
 Have 23,2 against 25
 Non intersecting Vertex -4.38 -0.179823 On object 23,2
 Have 24,0 against 0
 Have 24,0 against 1
 Have 24,0 against 2
 Have 24,0 against 3
 Have 24,0 against 4
 Have 24,0 against 5
 Have 24,0 against 6
 Have 24,0 against 7
 Have 24,0 against 8
 Have 24,0 against 9
 Have 24,0 against 10
 Have 24,0 against 11
 Have 24,0 against 12
 Have 24,0 against 13
 Have 24,0 against 14
 Have 24,0 against 15
 Have 24,0 against 16
 Have 24,0 against 17
 Have 24,0 against 18
 Have 24,0 against 19
 Have 24,0 against 20
 Have 24,0 against 21
 Have 24,0 against 22
 Have 24,0 against 23
 Have 24,0 against 24
 Have 24,0 against 25
 Non intersecting Vertex -3.4 -0.793339 On object 24,0
 Have 24,1 against 0
 Have 24,1 against 1
 Have 24,1 against 2
 Have 24,1 against 3
 Have 24,1 against 4
 Have 24,1 against 5
 Have 24,1 against 6
 Have 24,1 against 7
 Have 24,1 against 8
 Have 24,1 against 9
 Have 24,1 against 10
 Have 24,1 against 11
 Have 24,1 against 12
 Have 24,1 against 13
 Have 24,1 against 14
 Have 24,1 against 15
 Have 24,1 against 16
 Have 24,1 against 17
 Have 24,1 against 18
 Have 24,1 against 19
 Have 24,1 against 20
 Have 24,1 against 21
 Have 24,1 against 22
 Have 24,1 against 23
 Have 24,1 against 24
 Have 24,1 against 25
 Non intersecting Vertex -3.36 -1.13183 On object 24,1
 Have 24,2 against 0
 Have 24,2 against 1
 Have 24,2 against 2
 Have 24,2 against 3
 Have 24,2 against 4
 Have 24,2 against 5
 Have 24,2 against 6
 Have 24,2 against 7
 Have 24,2 against 8
 Have 24,2 against 9
 Have 24,2 against 10
 Have 24,2 against 11
 Have 24,2 against 12
 Have 24,2 against 13
 Have 24,2 against 14
 Have 24,2 against 15
 Have 24,2 against 16
 Have 24,2 against 17
 Have 24,2 against 18
 Have 24,2 against 19
 Have 24,2 against 20
 Have 24,2 against 21
 Have 24,2 against 22
 Have 24,2 against 23
 Have 24,2 against 24
 Have 24,2 against 25
 Non intersecting Vertex -2.5 -0.835652 On object 24,2
 Have 25,0 against 0
 Have 25,0 against 1
 Have 25,0 against 2
 Have 25,0 against 3
 Have 25,0 against 4
 Have 25,0 against 5
 Have 25,0 against 6
 Have 25,0 against 7
 Have 25,0 against 8
 Have 25,0 against 9
 Have 25,0 against 10
 Have 25,0 against 11
 Have 25,0 against 12
 Have 25,0 against 13
 Have 25,0 against 14
 Have 25,0 against 15
 Have 25,0 against 16
 Have 25,0 against 17
 Have 25,0 against 18
 Have 25,0 against 19
 Have 25,0 against 20
 Have 25,0 against 21
 Have 25,0 against 22
 Have 25,0 against 23
 Have 25,0 against 24
 Have 25,0 against 25
 Non intersecting Vertex -3.42 1.47032 On object 25,0
 Have 25,1 against 0
 Have 25,1 against 1
 Have 25,1 against 2
 Have 25,1 against 3
 Have 25,1 against 4
 Have 25,1 against 5
 Have 25,1 against 6
 Have 25,1 against 7
 Have 25,1 against 8
 Have 25,1 against 9
 Have 25,1 against 10
 Have 25,1 against 11
 Have 25,1 against 12
 Have 25,1 against 13
 Have 25,1 against 14
 Have 25,1 against 15
 Have 25,1 against 16
 Have 25,1 against 17
 Have 25,1 against 18
 Have 25,1 against 19
 Have 25,1 against 20
 Have 25,1 against 21
 Have 25,1 against 22
 Have 25,1 against 23
 Have 25,1 against 24
 Have 25,1 against 25
 Non intersecting Vertex -3.48 0.983741 On object 25,1
 Have 25,2 against 0
 Have 25,2 against 1
 Have 25,2 against 2
 Have 25,2 against 3
 Have 25,2 against 4
 Have 25,2 against 5
 Have 25,2 against 6
 Have 25,2 against 7
 Have 25,2 against 8
 Have 25,2 against 9
 Have 25,2 against 10
 Have 25,2 against 11
 Have 25,2 against 12
 Have 25,2 against 13
 Have 25,2 against 14
 Have 25,2 against 15
 Have 25,2 against 16
 Have 25,2 against 17
 Have 25,2 against 18
 Have 25,2 against 19
 Have 25,2 against 20
 Have 25,2 against 21
 Have 25,2 against 22
 Have 25,2 against 23
 Have 25,2 against 24
 Have 25,2 against 25
 Non intersecting Vertex -2.74 0.983741 On object 25,2
 Have 26,0 against 0
 Have 26,0 against 1
 CUT
 Have 26,1 against 0
 Have 26,1 against 1
 Have 26,1 against 2
 Have 26,1 against 3
 Have 26,1 against 4
 Have 26,1 against 5
 Have 26,1 against 6
 Have 26,1 against 7
 Have 26,1 against 8
 Have 26,1 against 9
 Have 26,1 against 10
 Have 26,1 against 11
 Have 26,1 against 12
 Have 26,1 against 13
 Have 26,1 against 14
 Have 26,1 against 15
 Have 26,1 against 16
 Have 26,1 against 17
 Have 26,1 against 18
 Have 26,1 against 19
 Have 26,1 against 20
 Have 26,1 against 21
 Have 26,1 against 22
 Have 26,1 against 23
 Have 26,1 against 24
 Have 26,1 against 25
 Non intersecting Vertex -19 10.6 On object 26,1
 Have 26,2 against 0
 Have 26,2 against 1
 Have 26,2 against 2
 Have 26,2 against 3
 Have 26,2 against 4
 CUT
 Have 26,3 against 0
 Have 26,3 against 1
 Have 26,3 against 2
 Have 26,3 against 3
 Have 26,3 against 4
 Have 26,3 against 5
 Have 26,3 against 6
 Have 26,3 against 7
 Have 26,3 against 8
 Have 26,3 against 9
 Have 26,3 against 10
 CUT
5.9 -2.26
RUNNING UPDATE
 Have 0,0 against 0
 Have 0,0 against 1
 Have 0,0 against 2
 Have 0,0 against 3
 Have 0,0 against 4
 Have 0,0 against 5
 Have 0,0 against 6
 Have 0,0 against 7
 Have 0,0 against 8
 Have 0,0 against 9
 Have 0,0 against 10
 Have 0,0 against 11
 Have 0,0 against 12
 Have 0,0 against 13
 Have 0,0 against 14
 Have 0,0 against 15
 Have 0,0 against 16
 Have 0,0 against 17
 Have 0,0 against 18
 Have 0,0 against 19
 Have 0,0 against 20
 Have 0,0 against 21
 Have 0,0 against 22
 Have 0,0 against 23
 Have 0,0 against 24
 Have 0,0 against 25
 Non intersecting Vertex -6.12 3.28972 On object 0,0
 Have 0,1 against 0
 Have 0,1 against 1
 Have 0,1 against 2
 Have 0,1 against 3
 Have 0,1 against 4
 Have 0,1 against 5
 Have 0,1 against 6
 Have 0,1 against 7
 Have 0,1 against 8
 Have 0,1 against 9
 Have 0,1 against 10
 Have 0,1 against 11
 Have 0,1 against 12
 Have 0,1 against 13
 Have 0,1 against 14
 Have 0,1 against 15
 Have 0,1 against 16
 Have 0,1 against 17
 Have 0,1 against 18
 Have 0,1 against 19
 Have 0,1 against 20
 Have 0,1 against 21
 Have 0,1 against 22
 Have 0,1 against 23
 Have 0,1 against 24
 Have 0,1 against 25
 Non intersecting Vertex -8 3.5859 On object 0,1
 Have 0,2 against 0
 Have 0,2 against 1
 Have 0,2 against 2
 Have 0,2 against 3
 Have 0,2 against 4
 Have 0,2 against 5
 Have 0,2 against 6
 Have 0,2 against 7
 Have 0,2 against 8
 Have 0,2 against 9
 Have 0,2 against 10
 Have 0,2 against 11
 Have 0,2 against 12
 Have 0,2 against 13
 Have 0,2 against 14
 Have 0,2 against 15
 Have 0,2 against 16
 Have 0,2 against 17
 Have 0,2 against 18
 Have 0,2 against 19
 Have 0,2 against 20
 Have 0,2 against 21
 Have 0,2 against 22
 Have 0,2 against 23
 Have 0,2 against 24
 Have 0,2 against 25
 Non intersecting Vertex -8.1 4.45328 On object 0,2
 Have 1,0 against 0
 Have 1,0 against 1
 CUT
 Have 1,1 against 0
 Have 1,1 against 1
 Have 1,1 against 2
 Have 1,1 against 3
 Have 1,1 against 4
 Have 1,1 against 5
 Have 1,1 against 6
 Have 1,1 against 7
 Have 1,1 against 8
 Have 1,1 against 9
 CUT
 Have 1,2 against 0
 Have 1,2 against 1
 CUT
 Have 1,3 against 0
 Have 1,3 against 1
 Have 1,3 against 2
 Have 1,3 against 3
 Have 1,3 against 4
 Have 1,3 against 5
 Have 1,3 against 6
 Have 1,3 against 7
 Have 1,3 against 8
 Have 1,3 against 9
 CUT
 Have 1,4 against 0
 Have 1,4 against 1
 CUT
 Have 1,5 against 0
 Have 1,5 against 1
 Have 1,5 against 2
 Have 1,5 against 3
 Have 1,5 against 4
 Have 1,5 against 5
 Have 1,5 against 6
 Have 1,5 against 7
 Have 1,5 against 8
 Have 1,5 against 9
 CUT
 Have 1,6 against 0
 Have 1,6 against 1
 Have 1,6 against 2
 Have 1,6 against 3
 Have 1,6 against 4
 Have 1,6 against 5
 Have 1,6 against 6
 Have 1,6 against 7
 Have 1,6 against 8
 Have 1,6 against 9
 Have 1,6 against 10
 Have 1,6 against 11
 Have 1,6 against 12
 Have 1,6 against 13
 Have 1,6 against 14
 Have 1,6 against 15
 Have 1,6 against 16
 Have 1,6 against 17
 Have 1,6 against 18
 Have 1,6 against 19
 Have 1,6 against 20
 Have 1,6 against 21
 Have 1,6 against 22
 Have 1,6 against 23
 Have 1,6 against 24
 Have 1,6 against 25
 Non intersecting Vertex -4.72 -4.74946 On object 1,6
 Have 1,7 against 0
 Have 1,7 against 1
 Have 1,7 against 2
 Have 1,7 against 3
 Have 1,7 against 4
 Have 1,7 against 5
 Have 1,7 against 6
 Have 1,7 against 7
 Have 1,7 against 8
 Have 1,7 against 9
 Have 1,7 against 10
 Have 1,7 against 11
 Have 1,7 against 12
 Have 1,7 against 13
 Have 1,7 against 14
 Have 1,7 against 15
 Have 1,7 against 16
 Have 1,7 against 17
 Have 1,7 against 18
 Have 1,7 against 19
 Have 1,7 against 20
 Have 1,7 against 21
 Have 1,7 against 22
 Have 1,7 against 23
 Have 1,7 against 24
 Have 1,7 against 25
 Non intersecting Vertex -5.54 -5.29951 On object 1,7
 Have 1,8 against 0
 Have 1,8 against 1
 Have 1,8 against 2
 Have 1,8 against 3
 Have 1,8 against 4
 Have 1,8 against 5
 Have 1,8 against 6
 Have 1,8 against 7
 Have 1,8 against 8
 Have 1,8 against 9
 Have 1,8 against 10
 Have 1,8 against 11
 Have 1,8 against 12
 Have 1,8 against 13
 Have 1,8 against 14
 Have 1,8 against 15
 Have 1,8 against 16
 Have 1,8 against 17
 Have 1,8 against 18
 Have 1,8 against 19
 Have 1,8 against 20
 Have 1,8 against 21
 Have 1,8 against 22
 Have 1,8 against 23
 Have 1,8 against 24
 Have 1,8 against 25
 Non intersecting Vertex -4.24 -7.01312 On object 1,8
 Have 2,0 against 0
 Have 2,0 against 1
 Have 2,0 against 2
 CUT
 Have 2,1 against 0
 Have 2,1 against 1
 Have 2,1 against 2
 Have 2,1 against 3
 Have 2,1 against 4
 Have 2,1 against 5
 Have 2,1 against 6
 Have 2,1 against 7
 Have 2,1 against 8
 CUT
 Have 2,2 against 0
 Have 2,2 against 1
 Have 2,2 against 2
 Have 2,2 against 3
 Have 2,2 against 4
 Have 2,2 against 5
 Have 2,2 against 6
 Have 2,2 against 7
 Have 2,2 against 8
 CUT
 Have 3,0 against 0
 Have 3,0 against 1
 Have 3,0 against 2
 Have 3,0 against 3
 Have 3,0 against 4
 Have 3,0 against 5
 Have 3,0 against 6
 Have 3,0 against 7
 Have 3,0 against 8
 Have 3,0 against 9
 Have 3,0 against 10
 Have 3,0 against 11
 Have 3,0 against 12
 Have 3,0 against 13
 Have 3,0 against 14
 Have 3,0 against 15
 Have 3,0 against 16
 Have 3,0 against 17
 Have 3,0 against 18
 Have 3,0 against 19
 Have 3,0 against 20
 Have 3,0 against 21
 Have 3,0 against 22
 Have 3,0 against 23
 Have 3,0 against 24
 Have 3,0 against 25
 Non intersecting Vertex 8.62 -2.57042 On object 3,0
 Have 3,1 against 0
 Have 3,1 against 1
 Have 3,1 against 2
 Have 3,1 against 3
 Have 3,1 against 4
 Have 3,1 against 5
 Have 3,1 against 6
 Have 3,1 against 7
 Have 3,1 against 8
 Have 3,1 against 9
 Have 3,1 against 10
 Have 3,1 against 11
 Have 3,1 against 12
 Have 3,1 against 13
 Have 3,1 against 14
 Have 3,1 against 15
 Have 3,1 against 16
 Have 3,1 against 17
 Have 3,1 against 18
 Have 3,1 against 19
 Have 3,1 against 20
 Have 3,1 against 21
 Have 3,1 against 22
 Have 3,1 against 23
 Have 3,1 against 24
 Have 3,1 against 25
 Non intersecting Vertex 5.42 -0.264447 On object 3,1
 Have 3,2 against 0
 Have 3,2 against 1
 Have 3,2 against 2
 Have 3,2 against 3
 CUT
 Have 4,0 against 0
 Have 4,0 against 1
 Have 4,0 against 2
 Have 4,0 against 3
 Have 4,0 against 4
 CUT
 Have 4,1 against 0
 Have 4,1 against 1
 Have 4,1 against 2
 Have 4,1 against 3
 Have 4,1 against 4
 Have 4,1 against 5
 Have 4,1 against 6
 Have 4,1 against 7
 Have 4,1 against 8
 Have 4,1 against 9
 Have 4,1 against 10
 Have 4,1 against 11
 Have 4,1 against 12
 Have 4,1 against 13
 Have 4,1 against 14
 Have 4,1 against 15
 Have 4,1 against 16
 Have 4,1 against 17
 Have 4,1 against 18
 Have 4,1 against 19
 Have 4,1 against 20
 Have 4,1 against 21
 Have 4,1 against 22
 Have 4,1 against 23
 Have 4,1 against 24
 Have 4,1 against 25
 Non intersecting Vertex 6.64 -4.60137 On object 4,1
 Have 4,2 against 0
 Have 4,2 against 1
 Have 4,2 against 2
 Have 4,2 against 3
 Have 4,2 against 4
 Have 4,2 against 5
 Have 4,2 against 6
 Have 4,2 against 7
 Have 4,2 against 8
 Have 4,2 against 9
 Have 4,2 against 10
 Have 4,2 against 11
 Have 4,2 against 12
 Have 4,2 against 13
 Have 4,2 against 14
 Have 4,2 against 15
 Have 4,2 against 16
 Have 4,2 against 17
 Have 4,2 against 18
 Have 4,2 against 19
 Have 4,2 against 20
 Have 4,2 against 21
 Have 4,2 against 22
 Have 4,2 against 23
 Have 4,2 against 24
 Have 4,2 against 25
 Non intersecting Vertex 11.96 -5.27835 On object 4,2
 Have 5,0 against 0
 Have 5,0 against 1
 Have 5,0 against 2
 Have 5,0 against 3
 CUT
 Have 5,1 against 0
 Have 5,1 against 1
 Have 5,1 against 2
 Have 5,1 against 3
 Have 5,1 against 4
 Have 5,1 against 5
 Have 5,1 against 6
 Have 5,1 against 7
 Have 5,1 against 8
 Have 5,1 against 9
 Have 5,1 against 10
 Have 5,1 against 11
 Have 5,1 against 12
 Have 5,1 against 13
 Have 5,1 against 14
 Have 5,1 against 15
 Have 5,1 against 16
 Have 5,1 against 17
 Have 5,1 against 18
 Have 5,1 against 19
 Have 5,1 against 20
 Have 5,1 against 21
 Have 5,1 against 22
 Have 5,1 against 23
 Have 5,1 against 24
 Have 5,1 against 25
 Non intersecting Vertex 5.9 5.87072 On object 5,1
 Have 5,2 against 0
 Have 5,2 against 1
 Have 5,2 against 2
 Have 5,2 against 3
 CUT
 Have 6,0 against 0
 Have 6,0 against 1
 Have 6,0 against 2
 Have 6,0 against 3
 CUT
 Have 6,1 against 0
 Have 6,1 against 1
 Have 6,1 against 2
 Have 6,1 against 3
 CUT
 Have 6,2 against 0
 Have 6,2 against 1
 Have 6,2 against 2
 Have 6,2 against 3
 CUT
 Have 7,0 against 0
 Have 7,0 against 1
 Have 7,0 against 2
 Have 7,0 against 3
 CUT
 Have 7,1 against 0
 Have 7,1 against 1
 Have 7,1 against 2
 Have 7,1 against 3
 CUT
 Have 7,2 against 0
 Have 7,2 against 1
 Have 7,2 against 2
 Have 7,2 against 3
 CUT
 Have 8,0 against 0
 Have 8,0 against 1
 Have 8,0 against 2
 Have 8,0 against 3
 Have 8,0 against 4
 Have 8,0 against 5
 Have 8,0 against 6
 Have 8,0 against 7
 Have 8,0 against 8
 CUT
 Have 8,1 against 0
 Have 8,1 against 1
 Have 8,1 against 2
 Have 8,1 against 3
 Have 8,1 against 4
 Have 8,1 against 5
 Have 8,1 against 6
 Have 8,1 against 7
 Have 8,1 against 8
 Have 8,1 against 9
 Have 8,1 against 10
 Have 8,1 against 11
 Have 8,1 against 12
 Have 8,1 against 13
 Have 8,1 against 14
 Have 8,1 against 15
 Have 8,1 against 16
 Have 8,1 against 17
 Have 8,1 against 18
 Have 8,1 against 19
 Have 8,1 against 20
 Have 8,1 against 21
 Have 8,1 against 22
 Have 8,1 against 23
 Have 8,1 against 24
 Have 8,1 against 25
 Non intersecting Vertex 4.86 -2.97238 On object 8,1
 Have 8,2 against 0
 Have 8,2 against 1
 Have 8,2 against 2
 Have 8,2 against 3
 Have 8,2 against 4
 Have 8,2 against 5
 Have 8,2 against 6
 Have 8,2 against 7
 Have 8,2 against 8
 Have 8,2 against 9
 Have 8,2 against 10
 Have 8,2 against 11
 Have 8,2 against 12
 Have 8,2 against 13
 Have 8,2 against 14
 Have 8,2 against 15
 Have 8,2 against 16
 Have 8,2 against 17
 Have 8,2 against 18
 Have 8,2 against 19
 Have 8,2 against 20
 Have 8,2 against 21
 Have 8,2 against 22
 Have 8,2 against 23
 Have 8,2 against 24
 Have 8,2 against 25
 Non intersecting Vertex 5.92 -2.99354 On object 8,2
 Have 9,0 against 0
 Have 9,0 against 1
 Have 9,0 against 2
 Have 9,0 against 3
 Have 9,0 against 4
 Have 9,0 against 5
 Have 9,0 against 6
 Have 9,0 against 7
 Have 9,0 against 8
 Have 9,0 against 9
 CUT
 Have 9,1 against 0
 Have 9,1 against 1
 Have 9,1 against 2
 Have 9,1 against 3
 Have 9,1 against 4
 Have 9,1 against 5
 Have 9,1 against 6
 Have 9,1 against 7
 Have 9,1 against 8
 Have 9,1 against 9
 Have 9,1 against 10
 Have 9,1 against 11
 Have 9,1 against 12
 Have 9,1 against 13
 Have 9,1 against 14
 Have 9,1 against 15
 Have 9,1 against 16
 Have 9,1 against 17
 Have 9,1 against 18
 Have 9,1 against 19
 Have 9,1 against 20
 Have 9,1 against 21
 Have 9,1 against 22
 Have 9,1 against 23
 Have 9,1 against 24
 Have 9,1 against 25
 Non intersecting Vertex 2.84 -1.87228 On object 9,1
 Have 9,2 against 0
 Have 9,2 against 1
 Have 9,2 against 2
 Have 9,2 against 3
 Have 9,2 against 4
 Have 9,2 against 5
 Have 9,2 against 6
 Have 9,2 against 7
 Have 9,2 against 8
 Have 9,2 against 9
 Have 9,2 against 10
 Have 9,2 against 11
 Have 9,2 against 12
 Have 9,2 against 13
 Have 9,2 against 14
 Have 9,2 against 15
 Have 9,2 against 16
 Have 9,2 against 17
 Have 9,2 against 18
 Have 9,2 against 19
 Have 9,2 against 20
 Have 9,2 against 21
 Have 9,2 against 22
 Have 9,2 against 23
 Have 9,2 against 24
 Have 9,2 against 25
 Non intersecting Vertex 3.1 -2.4858 On object 9,2
 Have 10,0 against 0
 Have 10,0 against 1
 Have 10,0 against 2
 Have 10,0 against 3
 CUT
 Have 10,1 against 0
 Have 10,1 against 1
 Have 10,1 against 2
 Have 10,1 against 3
 CUT
 Have 10,2 against 0
 Have 10,2 against 1
 Have 10,2 against 2
 Have 10,2 against 3
 CUT
 Have 11,0 against 0
 Have 11,0 against 1
 Have 11,0 against 2
 Have 11,0 against 3
 CUT
 Have 11,1 against 0
 Have 11,1 against 1
 Have 11,1 against 2
 Have 11,1 against 3
 CUT
 Have 11,2 against 0
 Have 11,2 against 1
 Have 11,2 against 2
 Have 11,2 against 3
 CUT
 Have 12,0 against 0
 Have 12,0 against 1
 Have 12,0 against 2
 Have 12,0 against 3
 CUT
 Have 12,1 against 0
 Have 12,1 against 1
 Have 12,1 against 2
 Have 12,1 against 3
 Have 12,1 against 4
 Have 12,1 against 5
 Have 12,1 against 6
 Have 12,1 against 7
 Have 12,1 against 8
 Have 12,1 against 9
 Have 12,1 against 10
 Have 12,1 against 11
 Have 12,1 against 12
 CUT
 Have 12,2 against 0
 Have 12,2 against 1
 Have 12,2 against 2
 Have 12,2 against 3
 Have 12,2 against 4
 Have 12,2 against 5
 Have 12,2 against 6
 Have 12,2 against 7
 Have 12,2 against 8
 Have 12,2 against 9
 Have 12,2 against 10
 Have 12,2 against 11
 Have 12,2 against 12
 Have 12,2 against 13
 Have 12,2 against 14
 Have 12,2 against 15
 Have 12,2 against 16
 Have 12,2 against 17
 Have 12,2 against 18
 Have 12,2 against 19
 Have 12,2 against 20
 Have 12,2 against 21
 Have 12,2 against 22
 Have 12,2 against 23
 Have 12,2 against 24
 Have 12,2 against 25
 Non intersecting Vertex 3.7 6.56885 On object 12,2
 Have 12,3 against 0
 Have 12,3 against 1
 Have 12,3 against 2
 Have 12,3 against 3
 Have 12,3 against 4
 Have 12,3 against 5
 Have 12,3 against 6
 Have 12,3 against 7
 Have 12,3 against 8
 Have 12,3 against 9
 Have 12,3 against 10
 Have 12,3 against 11
 Have 12,3 against 12
 Have 12,3 against 13
 Have 12,3 against 14
 Have 12,3 against 15
 Have 12,3 against 16
 Have 12,3 against 17
 Have 12,3 against 18
 Have 12,3 against 19
 Have 12,3 against 20
 Have 12,3 against 21
 Have 12,3 against 22
 Have 12,3 against 23
 Have 12,3 against 24
 Have 12,3 against 25
 Non intersecting Vertex 2.2 5.89187 On object 12,3
 Have 12,4 against 0
 Have 12,4 against 1
 Have 12,4 against 2
 Have 12,4 against 3
 Have 12,4 against 4
 Have 12,4 against 5
 Have 12,4 against 6
 Have 12,4 against 7
 Have 12,4 against 8
 Have 12,4 against 9
 Have 12,4 against 10
 Have 12,4 against 11
 Have 12,4 against 12
 Have 12,4 against 13
 Have 12,4 against 14
 Have 12,4 against 15
 Have 12,4 against 16
 Have 12,4 against 17
 Have 12,4 against 18
 Have 12,4 against 19
 Have 12,4 against 20
 Have 12,4 against 21
 Have 12,4 against 22
 Have 12,4 against 23
 Have 12,4 against 24
 Have 12,4 against 25
 Non intersecting Vertex 1.52 7.01312 On object 12,4
 Have 12,5 against 0
 Have 12,5 against 1
 Have 12,5 against 2
 Have 12,5 against 3
 Have 12,5 against 4
 Have 12,5 against 5
 Have 12,5 against 6
 Have 12,5 against 7
 Have 12,5 against 8
 Have 12,5 against 9
 Have 12,5 against 10
 Have 12,5 against 11
 Have 12,5 against 12
 CUT
 Have 12,6 against 0
 Have 12,6 against 1
 Have 12,6 against 2
 Have 12,6 against 3
 Have 12,6 against 4
 Have 12,6 against 5
 Have 12,6 against 6
 Have 12,6 against 7
 Have 12,6 against 8
 Have 12,6 against 9
 Have 12,6 against 10
 Have 12,6 against 11
 Have 12,6 against 12
 CUT
 Have 12,7 against 0
 Have 12,7 against 1
 Have 12,7 against 2
 Have 12,7 against 3
 Have 12,7 against 4
 Have 12,7 against 5
 Have 12,7 against 6
 Have 12,7 against 7
 Have 12,7 against 8
 Have 12,7 against 9
 Have 12,7 against 10
 Have 12,7 against 11
 Have 12,7 against 12
 CUT
 Have 13,0 against 0
 Have 13,0 against 1
 Have 13,0 against 2
 Have 13,0 against 3
 CUT
 Have 13,1 against 0
 Have 13,1 against 1
 Have 13,1 against 2
 Have 13,1 against 3
 CUT
 Have 13,2 against 0
 Have 13,2 against 1
 Have 13,2 against 2
 Have 13,2 against 3
 CUT
 Have 14,0 against 0
 Have 14,0 against 1
 Have 14,0 against 2
 Have 14,0 against 3
 CUT
 Have 14,1 against 0
 Have 14,1 against 1
 Have 14,1 against 2
 Have 14,1 against 3
 CUT
 Have 14,2 against 0
 Have 14,2 against 1
 Have 14,2 against 2
 Have 14,2 against 3
 CUT
 Have 15,0 against 0
 Have 15,0 against 1
 Have 15,0 against 2
 Have 15,0 against 3
 Have 15,0 against 4
 Have 15,0 against 5
 Have 15,0 against 6
 Have 15,0 against 7
 Have 15,0 against 8
 Have 15,0 against 9
 Have 15,0 against 10
 Have 15,0 against 11
 Have 15,0 against 12
 Have 15,0 against 13
 Have 15,0 against 14
 Have 15,0 against 15
 Have 15,0 against 16
 Have 15,0 against 17
 Have 15,0 against 18
 Have 15,0 against 19
 Have 15,0 against 20
 Have 15,0 against 21
 Have 15,0 against 22
 Have 15,0 against 23
 Have 15,0 against 24
 Have 15,0 against 25
 Non intersecting Vertex 16.96 -4.55906 On object 15,0
 Have 15,1 against 0
 Have 15,1 against 1
 Have 15,1 against 2
 Have 15,1 against 3
 Have 15,1 against 4
 Have 15,1 against 5
 Have 15,1 against 6
 Have 15,1 against 7
 Have 15,1 against 8
 Have 15,1 against 9
 Have 15,1 against 10
 Have 15,1 against 11
 Have 15,1 against 12
 Have 15,1 against 13
 Have 15,1 against 14
 Have 15,1 against 15
 Have 15,1 against 16
 Have 15,1 against 17
 Have 15,1 against 18
 Have 15,1 against 19
 Have 15,1 against 20
 Have 15,1 against 21
 Have 15,1 against 22
 Have 15,1 against 23
 Have 15,1 against 24
 Have 15,1 against 25
 Non intersecting Vertex 14.98 -4.72831 On object 15,1
 Have 15,2 against 0
 Have 15,2 against 1
 Have 15,2 against 2
 Have 15,2 against 3
 Have 15,2 against 4
 Have 15,2 against 5
 Have 15,2 against 6
 Have 15,2 against 7
 Have 15,2 against 8
 Have 15,2 against 9
 Have 15,2 against 10
 Have 15,2 against 11
 Have 15,2 against 12
 Have 15,2 against 13
 Have 15,2 against 14
 Have 15,2 against 15
 Have 15,2 against 16
 Have 15,2 against 17
 Have 15,2 against 18
 Have 15,2 against 19
 Have 15,2 against 20
 Have 15,2 against 21
 Have 15,2 against 22
 Have 15,2 against 23
 Have 15,2 against 24
 Have 15,2 against 25
 Non intersecting Vertex 17.32 -5.95534 On object 15,2
 Have 16,0 against 0
 Have 16,0 against 1
 Have 16,0 against 2
 Have 16,0 against 3
 Have 16,0 against 4
 Have 16,0 against 5
 Have 16,0 against 6
 Have 16,0 against 7
 Have 16,0 against 8
 Have 16,0 against 9
 Have 16,0 against 10
 Have 16,0 against 11
 Have 16,0 against 12
 Have 16,0 against 13
 Have 16,0 against 14
 Have 16,0 against 15
 Have 16,0 against 16
 Have 16,0 against 17
 Have 16,0 against 18
 Have 16,0 against 19
 Have 16,0 against 20
 Have 16,0 against 21
 Have 16,0 against 22
 Have 16,0 against 23
 Have 16,0 against 24
 Have 16,0 against 25
 Non intersecting Vertex 15.9 -7.20353 On object 16,0
 Have 16,1 against 0
 Have 16,1 against 1
 Have 16,1 against 2
 Have 16,1 against 3
 Have 16,1 against 4
 Have 16,1 against 5
 Have 16,1 against 6
 Have 16,1 against 7
 Have 16,1 against 8
 Have 16,1 against 9
 Have 16,1 against 10
 Have 16,1 against 11
 Have 16,1 against 12
 Have 16,1 against 13
 Have 16,1 against 14
 Have 16,1 against 15
 Have 16,1 against 16
 Have 16,1 against 17
 Have 16,1 against 18
 Have 16,1 against 19
 Have 16,1 against 20
 Have 16,1 against 21
 Have 16,1 against 22
 Have 16,1 against 23
 Have 16,1 against 24
 Have 16,1 against 25
 Non intersecting Vertex 14.7 -6.31499 On object 16,1
 Have 16,2 against 0
 Have 16,2 against 1
 Have 16,2 against 2
 Have 16,2 against 3
 Have 16,2 against 4
 Have 16,2 against 5
 Have 16,2 against 6
 Have 16,2 against 7
 Have 16,2 against 8
 Have 16,2 against 9
 Have 16,2 against 10
 Have 16,2 against 11
 Have 16,2 against 12
 Have 16,2 against 13
 Have 16,2 against 14
 Have 16,2 against 15
 Have 16,2 against 16
 Have 16,2 against 17
 Have 16,2 against 18
 Have 16,2 against 19
 Have 16,2 against 20
 Have 16,2 against 21
 Have 16,2 against 22
 Have 16,2 against 23
 Have 16,2 against 24
 Have 16,2 against 25
 Non intersecting Vertex 16.44 -6.59001 On object 16,2
 Have 17,0 against 0
 Have 17,0 against 1
 Have 17,0 against 2
 Have 17,0 against 3
 Have 17,0 against 4
 Have 17,0 against 5
 Have 17,0 against 6
 Have 17,0 against 7
 Have 17,0 against 8
 Have 17,0 against 9
 Have 17,0 against 10
 Have 17,0 against 11
 Have 17,0 against 12
 Have 17,0 against 13
 Have 17,0 against 14
 Have 17,0 against 15
 Have 17,0 against 16
 Have 17,0 against 17
 Have 17,0 against 18
 Have 17,0 against 19
 Have 17,0 against 20
 Have 17,0 against 21
 Have 17,0 against 22
 Have 17,0 against 23
 Have 17,0 against 24
 Have 17,0 against 25
 Non intersecting Vertex 8.12 -4.26288 On object 17,0
 Have 17,1 against 0
 Have 17,1 against 1
 Have 17,1 against 2
 Have 17,1 against 3
 Have 17,1 against 4
 Have 17,1 against 5
 Have 17,1 against 6
 Have 17,1 against 7
 Have 17,1 against 8
 Have 17,1 against 9
 Have 17,1 against 10
 Have 17,1 against 11
 Have 17,1 against 12
 Have 17,1 against 13
 Have 17,1 against 14
 Have 17,1 against 15
 Have 17,1 against 16
 Have 17,1 against 17
 Have 17,1 against 18
 Have 17,1 against 19
 Have 17,1 against 20
 Have 17,1 against 21
 Have 17,1 against 22
 Have 17,1 against 23
 Have 17,1 against 24
 Have 17,1 against 25
 Non intersecting Vertex 8.7 -3.79745 On object 17,1
 Have 17,2 against 0
 Have 17,2 against 1
 Have 17,2 against 2
 Have 17,2 against 3
 Have 17,2 against 4
 Have 17,2 against 5
 Have 17,2 against 6
 Have 17,2 against 7
 Have 17,2 against 8
 Have 17,2 against 9
 Have 17,2 against 10
 Have 17,2 against 11
 Have 17,2 against 12
 Have 17,2 against 13
 Have 17,2 against 14
 Have 17,2 against 15
 Have 17,2 against 16
 Have 17,2 against 17
 Have 17,2 against 18
 Have 17,2 against 19
 Have 17,2 against 20
 Have 17,2 against 21
 Have 17,2 against 22
 Have 17,2 against 23
 Have 17,2 against 24
 Have 17,2 against 25
 Non intersecting Vertex 7.68 -3.54359 On object 17,2
 Have 18,0 against 0
 Have 18,0 against 1
 Have 18,0 against 2
 Have 18,0 against 3
 Have 18,0 against 4
 Have 18,0 against 5
 Have 18,0 against 6
 Have 18,0 against 7
 Have 18,0 against 8
 Have 18,0 against 9
 Have 18,0 against 10
 Have 18,0 against 11
 Have 18,0 against 12
 Have 18,0 against 13
 Have 18,0 against 14
 Have 18,0 against 15
 Have 18,0 against 16
 Have 18,0 against 17
 Have 18,0 against 18
 CUT
 Have 18,1 against 0
 Have 18,1 against 1
 Have 18,1 against 2
 Have 18,1 against 3
 Have 18,1 against 4
 Have 18,1 against 5
 Have 18,1 against 6
 Have 18,1 against 7
 Have 18,1 against 8
 Have 18,1 against 9
 Have 18,1 against 10
 Have 18,1 against 11
 Have 18,1 against 12
 Have 18,1 against 13
 Have 18,1 against 14
 Have 18,1 against 15
 Have 18,1 against 16
 Have 18,1 against 17
 Have 18,1 against 18
 Have 18,1 against 19
 Have 18,1 against 20
 Have 18,1 against 21
 Have 18,1 against 22
 Have 18,1 against 23
 Have 18,1 against 24
 Have 18,1 against 25
 Non intersecting Vertex -11.02 3.14163 On object 18,1
 Have 18,2 against 0
 Have 18,2 against 1
 Have 18,2 against 2
 Have 18,2 against 3
 Have 18,2 against 4
 Have 18,2 against 5
 Have 18,2 against 6
 Have 18,2 against 7
 Have 18,2 against 8
 Have 18,2 against 9
 Have 18,2 against 10
 Have 18,2 against 11
 Have 18,2 against 12
 Have 18,2 against 13
 Have 18,2 against 14
 Have 18,2 against 15
 Have 18,2 against 16
 Have 18,2 against 17
 Have 18,2 against 18
 Have 18,2 against 19
 Have 18,2 against 20
 Have 18,2 against 21
 Have 18,2 against 22
 Have 18,2 against 23
 Have 18,2 against 24
 Have 18,2 against 25
 Non intersecting Vertex -10.16 2.33771 On object 18,2
 Have 18,3 against 0
 Have 18,3 against 1
 Have 18,3 against 2
 Have 18,3 against 3
 Have 18,3 against 4
 Have 18,3 against 5
 Have 18,3 against 6
 Have 18,3 against 7
 Have 18,3 against 8
 Have 18,3 against 9
 Have 18,3 against 10
 Have 18,3 against 11
 Have 18,3 against 12
 Have 18,3 against 13
 Have 18,3 against 14
 Have 18,3 against 15
 Have 18,3 against 16
 Have 18,3 against 17
 Have 18,3 against 18
 Have 18,3 against 19
 Have 18,3 against 20
 Have 18,3 against 21
 Have 18,3 against 22
 CUT
 Have 18,4 against 0
 Have 18,4 against 1
 Have 18,4 against 2
 Have 18,4 against 3
 Have 18,4 against 4
 Have 18,4 against 5
 Have 18,4 against 6
 Have 18,4 against 7
 Have 18,4 against 8
 Have 18,4 against 9
 Have 18,4 against 10
 Have 18,4 against 11
 Have 18,4 against 12
 Have 18,4 against 13
 Have 18,4 against 14
 Have 18,4 against 15
 Have 18,4 against 16
 Have 18,4 against 17
 Have 18,4 against 18
 Have 18,4 against 19
 Have 18,4 against 20
 Have 18,4 against 21
 Have 18,4 against 22
 Have 18,4 against 23
 CUT
 Have 18,5 against 0
 Have 18,5 against 1
 Have 18,5 against 2
 Have 18,5 against 3
 Have 18,5 against 4
 Have 18,5 against 5
 Have 18,5 against 6
 Have 18,5 against 7
 Have 18,5 against 8
 Have 18,5 against 9
 Have 18,5 against 10
 Have 18,5 against 11
 Have 18,5 against 12
 Have 18,5 against 13
 Have 18,5 against 14
 Have 18,5 against 15
 Have 18,5 against 16
 Have 18,5 against 17
 Have 18,5 against 18
 Have 18,5 against 19
 Have 18,5 against 20
 Have 18,5 against 21
 Have 18,5 against 22
 Have 18,5 against 23
 CUT
 Have 18,6 against 0
 Have 18,6 against 1
 Have 18,6 against 2
 Have 18,6 against 3
 Have 18,6 against 4
 Have 18,6 against 5
 Have 18,6 against 6
 Have 18,6 against 7
 Have 18,6 against 8
 Have 18,6 against 9
 Have 18,6 against 10
 Have 18,6 against 11
 Have 18,6 against 12
 Have 18,6 against 13
 Have 18,6 against 14
 Have 18,6 against 15
 Have 18,6 against 16
 Have 18,6 against 17
 Have 18,6 against 18
 CUT
 Have 18,7 against 0
 Have 18,7 against 1
 Have 18,7 against 2
 Have 18,7 against 3
 Have 18,7 against 4
 Have 18,7 against 5
 Have 18,7 against 6
 Have 18,7 against 7
 Have 18,7 against 8
 Have 18,7 against 9
 Have 18,7 against 10
 Have 18,7 against 11
 Have 18,7 against 12
 Have 18,7 against 13
 Have 18,7 against 14
 Have 18,7 against 15
 Have 18,7 against 16
 Have 18,7 against 17
 Have 18,7 against 18
 CUT
 Have 19,0 against 0
 Have 19,0 against 1
 Have 19,0 against 2
 Have 19,0 against 3
 Have 19,0 against 4
 Have 19,0 against 5
 Have 19,0 against 6
 Have 19,0 against 7
 Have 19,0 against 8
 Have 19,0 against 9
 Have 19,0 against 10
 Have 19,0 against 11
 Have 19,0 against 12
 Have 19,0 against 13
 Have 19,0 against 14
 Have 19,0 against 15
 Have 19,0 against 16
 Have 19,0 against 17
 Have 19,0 against 18
 Have 19,0 against 19
 Have 19,0 against 20
 Have 19,0 against 21
 CUT
 Have 19,1 against 0
 Have 19,1 against 1
 Have 19,1 against 2
 Have 19,1 against 3
 Have 19,1 against 4
 Have 19,1 against 5
 Have 19,1 against 6
 Have 19,1 against 7
 Have 19,1 against 8
 Have 19,1 against 9
 Have 19,1 against 10
 Have 19,1 against 11
 Have 19,1 against 12
 Have 19,1 against 13
 Have 19,1 against 14
 Have 19,1 against 15
 Have 19,1 against 16
 Have 19,1 against 17
 Have 19,1 against 18
 Have 19,1 against 19
 Have 19,1 against 20
 Have 19,1 against 21
 Have 19,1 against 22
 Have 19,1 against 23
 Have 19,1 against 24
 Have 19,1 against 25
 Non intersecting Vertex -3.04 6.3573 On object 19,1
 Have 19,2 against 0
 Have 19,2 against 1
 Have 19,2 against 2
 Have 19,2 against 3
 Have 19,2 against 4
 Have 19,2 against 5
 Have 19,2 against 6
 Have 19,2 against 7
 Have 19,2 against 8
 Have 19,2 against 9
 Have 19,2 against 10
 Have 19,2 against 11
 Have 19,2 against 12
 Have 19,2 against 13
 Have 19,2 against 14
 Have 19,2 against 15
 Have 19,2 against 16
 Have 19,2 against 17
 Have 19,2 against 18
 Have 19,2 against 19
 Have 19,2 against 20
 Have 19,2 against 21
 Have 19,2 against 22
 Have 19,2 against 23
 Have 19,2 against 24
 Have 19,2 against 25
 Non intersecting Vertex -4 5.97649 On object 19,2
 Have 19,3 against 0
 Have 19,3 against 1
 Have 19,3 against 2
 Have 19,3 against 3
 Have 19,3 against 4
 Have 19,3 against 5
 Have 19,3 against 6
 Have 19,3 against 7
 Have 19,3 against 8
 Have 19,3 against 9
 Have 19,3 against 10
 Have 19,3 against 11
 Have 19,3 against 12
 Have 19,3 against 13
 Have 19,3 against 14
 Have 19,3 against 15
 Have 19,3 against 16
 Have 19,3 against 17
 Have 19,3 against 18
 Have 19,3 against 19
 Have 19,3 against 20
 Have 19,3 against 21
 Have 19,3 against 22
 Have 19,3 against 23
 Have 19,3 against 24
 Have 19,3 against 25
 Non intersecting Vertex -5.08 6.12458 On object 19,3
 Have 19,4 against 0
 Have 19,4 against 1
 Have 19,4 against 2
 Have 19,4 against 3
 Have 19,4 against 4
 Have 19,4 against 5
 Have 19,4 against 6
 Have 19,4 against 7
 Have 19,4 against 8
 Have 19,4 against 9
 Have 19,4 against 10
 Have 19,4 against 11
 Have 19,4 against 12
 Have 19,4 against 13
 Have 19,4 against 14
 Have 19,4 against 15
 Have 19,4 against 16
 Have 19,4 against 17
 Have 19,4 against 18
 Have 19,4 against 19
 CUT
 Have 19,5 against 0
 Have 19,5 against 1
 Have 19,5 against 2
 Have 19,5 against 3
 Have 19,5 against 4
 Have 19,5 against 5
 Have 19,5 against 6
 Have 19,5 against 7
 Have 19,5 against 8
 Have 19,5 against 9
 Have 19,5 against 10
 Have 19,5 against 11
 Have 19,5 against 12
 Have 19,5 against 13
 Have 19,5 against 14
 Have 19,5 against 15
 Have 19,5 against 16
 Have 19,5 against 17
 Have 19,5 against 18
 Have 19,5 against 19
 CUT
 Have 19,6 against 0
 Have 19,6 against 1
 Have 19,6 against 2
 Have 19,6 against 3
 Have 19,6 against 4
 Have 19,6 against 5
 Have 19,6 against 6
 Have 19,6 against 7
 Have 19,6 against 8
 Have 19,6 against 9
 Have 19,6 against 10
 Have 19,6 against 11
 Have 19,6 against 12
 Have 19,6 against 13
 Have 19,6 against 14
 Have 19,6 against 15
 Have 19,6 against 16
 Have 19,6 against 17
 Have 19,6 against 18
 Have 19,6 against 19
 CUT
 Have 19,7 against 0
 Have 19,7 against 1
 Have 19,7 against 2
 Have 19,7 against 3
 Have 19,7 against 4
 Have 19,7 against 5
 Have 19,7 against 6
 Have 19,7 against 7
 Have 19,7 against 8
 Have 19,7 against 9
 Have 19,7 against 10
 Have 19,7 against 11
 Have 19,7 against 12
 Have 19,7 against 13
 Have 19,7 against 14
 Have 19,7 against 15
 Have 19,7 against 16
 Have 19,7 against 17
 Have 19,7 against 18
 Have 19,7 against 19
 CUT
 Have 19,8 against 0
 Have 19,8 against 1
 Have 19,8 against 2
 Have 19,8 against 3
 Have 19,8 against 4
 Have 19,8 against 5
 Have 19,8 against 6
 Have 19,8 against 7
 Have 19,8 against 8
 Have 19,8 against 9
 Have 19,8 against 10
 Have 19,8 against 11
 Have 19,8 against 12
 Have 19,8 against 13
 Have 19,8 against 14
 Have 19,8 against 15
 Have 19,8 against 16
 Have 19,8 against 17
 Have 19,8 against 18
 Have 19,8 against 19
 CUT
 Have 19,9 against 0
 Have 19,9 against 1
 Have 19,9 against 2
 Have 19,9 against 3
 Have 19,9 against 4
 Have 19,9 against 5
 Have 19,9 against 6
 Have 19,9 against 7
 Have 19,9 against 8
 Have 19,9 against 9
 Have 19,9 against 10
 Have 19,9 against 11
 Have 19,9 against 12
 Have 19,9 against 13
 Have 19,9 against 14
 Have 19,9 against 15
 Have 19,9 against 16
 Have 19,9 against 17
 Have 19,9 against 18
 Have 19,9 against 19
 CUT
 Have 19,10 against 0
 Have 19,10 against 1
 Have 19,10 against 2
 Have 19,10 against 3
 Have 19,10 against 4
 Have 19,10 against 5
 Have 19,10 against 6
 Have 19,10 against 7
 Have 19,10 against 8
 Have 19,10 against 9
 Have 19,10 against 10
 Have 19,10 against 11
 Have 19,10 against 12
 Have 19,10 against 13
 Have 19,10 against 14
 Have 19,10 against 15
 Have 19,10 against 16
 Have 19,10 against 17
 Have 19,10 against 18
 Have 19,10 against 19
 Have 19,10 against 20
 Have 19,10 against 21
 Have 19,10 against 22
 Have 19,10 against 23
 Have 19,10 against 24
 Have 19,10 against 25
 Non intersecting Vertex -2.4 8.4094 On object 19,10
 Have 20,0 against 0
 Have 20,0 against 1
 Have 20,0 against 2
 Have 20,0 against 3
 Have 20,0 against 4
 Have 20,0 against 5
 Have 20,0 against 6
 Have 20,0 against 7
 Have 20,0 against 8
 Have 20,0 against 9
 Have 20,0 against 10
 Have 20,0 against 11
 Have 20,0 against 12
 Have 20,0 against 13
 Have 20,0 against 14
 Have 20,0 against 15
 Have 20,0 against 16
 Have 20,0 against 17
 Have 20,0 against 18
 Have 20,0 against 19
 Have 20,0 against 20
 Have 20,0 against 21
 Have 20,0 against 22
 Have 20,0 against 23
 Have 20,0 against 24
 Have 20,0 against 25
 Non intersecting Vertex -2.4 3.057 On object 20,0
 Have 20,1 against 0
 Have 20,1 against 1
 Have 20,1 against 2
 Have 20,1 against 3
 Have 20,1 against 4
 Have 20,1 against 5
 Have 20,1 against 6
 Have 20,1 against 7
 Have 20,1 against 8
 Have 20,1 against 9
 Have 20,1 against 10
 Have 20,1 against 11
 Have 20,1 against 12
 Have 20,1 against 13
 Have 20,1 against 14
 Have 20,1 against 15
 Have 20,1 against 16
 Have 20,1 against 17
 Have 20,1 against 18
 Have 20,1 against 19
 Have 20,1 against 20
 Have 20,1 against 21
 Have 20,1 against 22
 Have 20,1 against 23
 Have 20,1 against 24
 Have 20,1 against 25
 Non intersecting Vertex -3.52 2.69736 On object 20,1
 Have 20,2 against 0
 Have 20,2 against 1
 Have 20,2 against 2
 Have 20,2 against 3
 Have 20,2 against 4
 Have 20,2 against 5
 Have 20,2 against 6
 Have 20,2 against 7
 Have 20,2 against 8
 Have 20,2 against 9
 Have 20,2 against 10
 Have 20,2 against 11
 Have 20,2 against 12
 Have 20,2 against 13
 Have 20,2 against 14
 Have 20,2 against 15
 Have 20,2 against 16
 Have 20,2 against 17
 Have 20,2 against 18
 Have 20,2 against 19
 Have 20,2 against 20
 Have 20,2 against 21
 Have 20,2 against 22
 Have 20,2 against 23
 Have 20,2 against 24
 Have 20,2 against 25
 Non intersecting Vertex -2.54 2.31655 On object 20,2
 Have 21,0 against 0
 Have 21,0 against 1
 Have 21,0 against 2
 Have 21,0 against 3
 Have 21,0 against 4
 Have 21,0 against 5
 Have 21,0 against 6
 Have 21,0 against 7
 Have 21,0 against 8
 Have 21,0 against 9
 Have 21,0 against 10
 Have 21,0 against 11
 Have 21,0 against 12
 Have 21,0 against 13
 Have 21,0 against 14
 Have 21,0 against 15
 Have 21,0 against 16
 Have 21,0 against 17
 Have 21,0 against 18
 Have 21,0 against 19
 Have 21,0 against 20
 Have 21,0 against 21
 Have 21,0 against 22
 Have 21,0 against 23
 Have 21,0 against 24
 Have 21,0 against 25
 Non intersecting Vertex 0.639999 4.49559 On object 21,0
 Have 21,1 against 0
 Have 21,1 against 1
 Have 21,1 against 2
 Have 21,1 against 3
 Have 21,1 against 4
 Have 21,1 against 5
 Have 21,1 against 6
 Have 21,1 against 7
 Have 21,1 against 8
 Have 21,1 against 9
 Have 21,1 against 10
 Have 21,1 against 11
 Have 21,1 against 12
 Have 21,1 against 13
 Have 21,1 against 14
 Have 21,1 against 15
 Have 21,1 against 16
 Have 21,1 against 17
 Have 21,1 against 18
 Have 21,1 against 19
 Have 21,1 against 20
 Have 21,1 against 21
 CUT
 Have 21,2 against 0
 Have 21,2 against 1
 Have 21,2 against 2
 Have 21,2 against 3
 Have 21,2 against 4
 Have 21,2 against 5
 Have 21,2 against 6
 Have 21,2 against 7
 Have 21,2 against 8
 Have 21,2 against 9
 Have 21,2 against 10
 Have 21,2 against 11
 Have 21,2 against 12
 Have 21,2 against 13
 Have 21,2 against 14
 Have 21,2 against 15
 Have 21,2 against 16
 Have 21,2 against 17
 Have 21,2 against 18
 Have 21,2 against 19
 Have 21,2 against 20
 Have 21,2 against 21
 Have 21,2 against 22
 Have 21,2 against 23
 Have 21,2 against 24
 Have 21,2 against 25
 Non intersecting Vertex 0.44 3.60705 On object 21,2
 Have 22,0 against 0
 Have 22,0 against 1
 Have 22,0 against 2
 Have 22,0 against 3
 Have 22,0 against 4
 Have 22,0 against 5
 Have 22,0 against 6
 Have 22,0 against 7
 Have 22,0 against 8
 Have 22,0 against 9
 Have 22,0 against 10
 Have 22,0 against 11
 Have 22,0 against 12
 Have 22,0 against 13
 Have 22,0 against 14
 Have 22,0 against 15
 Have 22,0 against 16
 Have 22,0 against 17
 Have 22,0 against 18
 Have 22,0 against 19
 Have 22,0 against 20
 Have 22,0 against 21
 Have 22,0 against 22
 CUT
 Have 22,1 against 0
 Have 22,1 against 1
 Have 22,1 against 2
 Have 22,1 against 3
 Have 22,1 against 4
 Have 22,1 against 5
 Have 22,1 against 6
 Have 22,1 against 7
 Have 22,1 against 8
 Have 22,1 against 9
 Have 22,1 against 10
 Have 22,1 against 11
 Have 22,1 against 12
 Have 22,1 against 13
 Have 22,1 against 14
 Have 22,1 against 15
 Have 22,1 against 16
 Have 22,1 against 17
 Have 22,1 against 18
 Have 22,1 against 19
 Have 22,1 against 20
 Have 22,1 against 21
 Have 22,1 against 22
 Have 22,1 against 23
 CUT
 Have 22,2 against 0
 Have 22,2 against 1
 Have 22,2 against 2
 Have 22,2 against 3
 Have 22,2 against 4
 Have 22,2 against 5
 Have 22,2 against 6
 Have 22,2 against 7
 Have 22,2 against 8
 Have 22,2 against 9
 Have 22,2 against 10
 Have 22,2 against 11
 Have 22,2 against 12
 Have 22,2 against 13
 Have 22,2 against 14
 Have 22,2 against 15
 Have 22,2 against 16
 Have 22,2 against 17
 Have 22,2 against 18
 Have 22,2 against 19
 Have 22,2 against 20
 Have 22,2 against 21
 Have 22,2 against 22
 Have 22,2 against 23
 Have 22,2 against 24
 Have 22,2 against 25
 Non intersecting Vertex -5.9 0.49716 On object 22,2
 Have 23,0 against 0
 Have 23,0 against 1
 Have 23,0 against 2
 Have 23,0 against 3
 Have 23,0 against 4
 Have 23,0 against 5
 Have 23,0 against 6
 Have 23,0 against 7
 Have 23,0 against 8
 Have 23,0 against 9
 Have 23,0 against 10
 Have 23,0 against 11
 Have 23,0 against 12
 Have 23,0 against 13
 Have 23,0 against 14
 Have 23,0 against 15
 Have 23,0 against 16
 Have 23,0 against 17
 Have 23,0 against 18
 Have 23,0 against 19
 Have 23,0 against 20
 Have 23,0 against 21
 Have 23,0 against 22
 Have 23,0 against 23
 Have 23,0 against 24
 Have 23,0 against 25
 Non intersecting Vertex -5 0.0952006 On object 23,0
 Have 23,1 against 0
 Have 23,1 against 1
 Have 23,1 against 2
 Have 23,1 against 3
 Have 23,1 against 4
 Have 23,1 against 5
 Have 23,1 against 6
 Have 23,1 against 7
 Have 23,1 against 8
 Have 23,1 against 9
 Have 23,1 against 10
 Have 23,1 against 11
 Have 23,1 against 12
 Have 23,1 against 13
 Have 23,1 against 14
 Have 23,1 against 15
 Have 23,1 against 16
 Have 23,1 against 17
 Have 23,1 against 18
 Have 23,1 against 19
 Have 23,1 against 20
 Have 23,1 against 21
 Have 23,1 against 22
 Have 23,1 against 23
 Have 23,1 against 24
 CUT
 Have 23,2 against 0
 Have 23,2 against 1
 Have 23,2 against 2
 Have 23,2 against 3
 Have 23,2 against 4
 Have 23,2 against 5
 Have 23,2 against 6
 Have 23,2 against 7
 Have 23,2 against 8
 Have 23,2 against 9
 Have 23,2 against 10
 Have 23,2 against 11
 Have 23,2 against 12
 Have 23,2 against 13
 Have 23,2 against 14
 Have 23,2 against 15
 Have 23,2 against 16
 Have 23,2 against 17
 Have 23,2 against 18
 Have 23,2 against 19
 Have 23,2 against 20
 Have 23,2 against 21
 Have 23,2 against 22
 Have 23,2 against 23
 Have 23,2 against 24
 Have 23,2 against 25
 Non intersecting Vertex -4.38 -0.179823 On object 23,2
 Have 24,0 against 0
 Have 24,0 against 1
 Have 24,0 against 2
 Have 24,0 against 3
 Have 24,0 against 4
 Have 24,0 against 5
 Have 24,0 against 6
 Have 24,0 against 7
 Have 24,0 against 8
 Have 24,0 against 9
 Have 24,0 against 10
 Have 24,0 against 11
 Have 24,0 against 12
 Have 24,0 against 13
 Have 24,0 against 14
 Have 24,0 against 15
 Have 24,0 against 16
 Have 24,0 against 17
 Have 24,0 against 18
 Have 24,0 against 19
 Have 24,0 against 20
 Have 24,0 against 21
 Have 24,0 against 22
 Have 24,0 against 23
 Have 24,0 against 24
 CUT
 Have 24,1 against 0
 Have 24,1 against 1
 Have 24,1 against 2
 Have 24,1 against 3
 Have 24,1 against 4
 Have 24,1 against 5
 Have 24,1 against 6
 Have 24,1 against 7
 Have 24,1 against 8
 Have 24,1 against 9
 CUT
 Have 24,2 against 0
 Have 24,2 against 1
 Have 24,2 against 2
 Have 24,2 against 3
 Have 24,2 against 4
 Have 24,2 against 5
 Have 24,2 against 6
 Have 24,2 against 7
 Have 24,2 against 8
 Have 24,2 against 9
 Have 24,2 against 10
 Have 24,2 against 11
 Have 24,2 against 12
 Have 24,2 against 13
 Have 24,2 against 14
 Have 24,2 against 15
 Have 24,2 against 16
 Have 24,2 against 17
 Have 24,2 against 18
 Have 24,2 against 19
 Have 24,2 against 20
 Have 24,2 against 21
 Have 24,2 against 22
 Have 24,2 against 23
 Have 24,2 against 24
 Have 24,2 against 25
 Non intersecting Vertex -2.5 -0.835652 On object 24,2
 Have 25,0 against 0
 Have 25,0 against 1
 Have 25,0 against 2
 Have 25,0 against 3
 Have 25,0 against 4
 Have 25,0 against 5
 Have 25,0 against 6
 Have 25,0 against 7
 Have 25,0 against 8
 Have 25,0 against 9
 Have 25,0 against 10
 Have 25,0 against 11
 Have 25,0 against 12
 Have 25,0 against 13
 Have 25,0 against 14
 Have 25,0 against 15
 Have 25,0 against 16
 Have 25,0 against 17
 Have 25,0 against 18
 Have 25,0 against 19
 Have 25,0 against 20
 Have 25,0 against 21
 Have 25,0 against 22
 Have 25,0 against 23
 Have 25,0 against 24
 Have 25,0 against 25
 Non intersecting Vertex -3.42 1.47032 On object 25,0
 Have 25,1 against 0
 Have 25,1 against 1
 Have 25,1 against 2
 Have 25,1 against 3
 Have 25,1 against 4
 Have 25,1 against 5
 Have 25,1 against 6
 Have 25,1 against 7
 Have 25,1 against 8
 Have 25,1 against 9
 Have 25,1 against 10
 Have 25,1 against 11
 Have 25,1 against 12
 Have 25,1 against 13
 Have 25,1 against 14
 Have 25,1 against 15
 Have 25,1 against 16
 Have 25,1 against 17
 Have 25,1 against 18
 Have 25,1 against 19
 Have 25,1 against 20
 Have 25,1 against 21
 Have 25,1 against 22
 Have 25,1 against 23
 Have 25,1 against 24
 Have 25,1 against 25
 Non intersecting Vertex -3.48 0.983741 On object 25,1
 Have 25,2 against 0
 Have 25,2 against 1
 Have 25,2 against 2
 Have 25,2 against 3
 Have 25,2 against 4
 Have 25,2 against 5
 Have 25,2 against 6
 Have 25,2 against 7
 Have 25,2 against 8
 Have 25,2 against 9
 Have 25,2 against 10
 Have 25,2 against 11
 Have 25,2 against 12
 Have 25,2 against 13
 Have 25,2 against 14
 Have 25,2 against 15
 Have 25,2 against 16
 Have 25,2 against 17
 Have 25,2 against 18
 Have 25,2 against 19
 Have 25,2 against 20
 Have 25,2 against 21
 Have 25,2 against 22
 Have 25,2 against 23
 Have 25,2 against 24
 Have 25,2 against 25
 Non intersecting Vertex -2.74 0.983741 On object 25,2
 Have 26,0 against 0
 Have 26,0 against 1
 CUT
 Have 26,1 against 0
 Have 26,1 against 1
 Have 26,1 against 2
 Have 26,1 against 3
 Have 26,1 against 4
 Have 26,1 against 5
 Have 26,1 against 6
 Have 26,1 against 7
 Have 26,1 against 8
 Have 26,1 against 9
 Have 26,1 against 10
 Have 26,1 against 11
 Have 26,1 against 12
 Have 26,1 against 13
 Have 26,1 against 14
 Have 26,1 against 15
 Have 26,1 against 16
 Have 26,1 against 17
 Have 26,1 against 18
 Have 26,1 against 19
 Have 26,1 against 20
 Have 26,1 against 21
 Have 26,1 against 22
 Have 26,1 against 23
 Have 26,1 against 24
 Have 26,1 against 25
 Non intersecting Vertex -19 10.6 On object 26,1
 Have 26,2 against 0
 Have 26,2 against 1
 Have 26,2 against 2
 Have 26,2 against 3
 Have 26,2 against 4
 CUT
 Have 26,3 against 0
 Have 26,3 against 1
 Have 26,3 against 2
 Have 26,3 against 3
 CUT
Deleting any remaining graphical resources
1 users | texture : "assets/textures/lamp.png"
All graphical resources has been deleted
Stop
